#
# A fatal error has been detected by the Java Runtime Environment:
#
#  EXCEPTION_ACCESS_VIOLATION (0xc0000005) at pc=0x00007ffc98062535, pid=10904, tid=1184
#
# JRE version: OpenJDK Runtime Environment Temurin-21.0.3+9 (21.0.3+9) (build 21.0.3+9-LTS)
# Java VM: OpenJDK 64-Bit Server VM Temurin-21.0.3+9 (21.0.3+9-LTS, mixed mode, tiered, compressed oops, compressed class ptrs, g1 gc, windows-amd64)
# Problematic frame:
# V  [jvm.dll+0x652535]
#
# No core dump will be written. Minidumps are not enabled by default on client versions of Windows
#
# If you would like to submit a bug report, please visit:
#   https://github.com/adoptium/adoptium-support/issues
#

---------------  S U M M A R Y ------------

Command Line: -ea -Dfile.encoding=UTF-8 -Dstdout.encoding=UTF-8 -Dstderr.encoding=UTF-8 -XX:+ShowCodeDetailsInExceptionMessages org.testng.remote.RemoteTestNG -serport 62430 -protocol json -d C:\Users\HP\eclipse-workspace\WebApplication_Test_Automation_Project\test-output C:\Users\HP\AppData\Local\Temp\testng-eclipse--1971764806\testng-customsuite.xml

Host: Intel(R) Core(TM) i3-6006U CPU @ 2.00GHz, 4 cores, 3G,  Windows 10 , 64 bit Build 19041 (10.0.19041.4717)
Time: Tue Aug 27 15:36:04 2024 India Standard Time elapsed time: 15.420885 seconds (0d 0h 0m 15s)

---------------  T H R E A D  ---------------

Current thread (0x0000012a5e396f10):  JavaThread "C2 CompilerThread0" daemon [_thread_in_native, id=1184, stack(0x00000019ecd00000,0x00000019ece00000) (1024K)]


Current CompileTask:
C2:  15421 2497       4       java.util.concurrent.atomic.AtomicLong::incrementAndGet (14 bytes)

Stack: [0x00000019ecd00000,0x00000019ece00000],  sp=0x00000019ecdfccf0,  free space=1011k
Native frames: (J=compiled Java code, j=interpreted, Vv=VM code, C=native code)
V  [jvm.dll+0x652535]
V  [jvm.dll+0x657d0d]
V  [jvm.dll+0x658c56]
V  [jvm.dll+0x656fad]
V  [jvm.dll+0x246845]
V  [jvm.dll+0x245f9f]
V  [jvm.dll+0x1c6f4e]
V  [jvm.dll+0x255719]
V  [jvm.dll+0x253cba]
V  [jvm.dll+0x3ec1e6]
V  [jvm.dll+0x84bf8b]
V  [jvm.dll+0x6c6dcd]
C  [ucrtbase.dll+0x21bb2]
C  [KERNEL32.DLL+0x17374]
C  [ntdll.dll+0x4cc91]


siginfo: EXCEPTION_ACCESS_VIOLATION (0xc0000005), reading address 0xffffffffffffffff


Registers:
RAX=0x00007ffc9838ddd0, RBX=0x0000012a643abe90, RCX=0x0000012a643abe90, RDX=0x0000012a634839f8
RSP=0x00000019ecdfccf0, RBP=0x00000019ecdfd250, RSI=0x0000000000000c14, RDI=0x0000012a634839f8
R8 =0x00000019ecdfd350, R9 =0x0000000000000001, R10=0x00000019ecdfe5c0, R11=0x00007ffcf9941b61
R12=0x00000019ecdfce00, R13=0x0000000000000000, R14=0x0000000000000305, R15=0x0000012a5e5afc30
RIP=0x00007ffc98062535, EFLAGS=0x0000000000010287


Register to memory mapping:

RAX=0x00007ffc9838ddd0 jvm.dll
RBX=0x0000012a643abe90 points into unknown readable memory: 0x00007ffc9838ddd0 | d0 dd 38 98 fc 7f 00 00
RCX=0x0000012a643abe90 points into unknown readable memory: 0x00007ffc9838ddd0 | d0 dd 38 98 fc 7f 00 00
RDX=0x0000012a634839f8 points into unknown readable memory: 0x7f97fffe00000000 | 00 00 00 00 fe ff 97 7f
RSP=0x00000019ecdfccf0 is pointing into the stack for thread: 0x0000012a5e396f10
RBP=0x00000019ecdfd250 is pointing into the stack for thread: 0x0000012a5e396f10
RSI=0x0000000000000c14 is an unknown value
RDI=0x0000012a634839f8 points into unknown readable memory: 0x7f97fffe00000000 | 00 00 00 00 fe ff 97 7f
R8 =0x00000019ecdfd350 is pointing into the stack for thread: 0x0000012a5e396f10
R9 =0x0000000000000001 is an unknown value
R10=0x00000019ecdfe5c0 is pointing into the stack for thread: 0x0000012a5e396f10
R11=0x00007ffcf9941b61 VCRUNTIME140.dll
R12=0x00000019ecdfce00 is pointing into the stack for thread: 0x0000012a5e396f10
R13=0x0 is null
R14=0x0000000000000305 is an unknown value
R15=0x0000012a5e5afc30 points into unknown readable memory: 0x00007ffc983ef640 | 40 f6 3e 98 fc 7f 00 00

Top of Stack: (sp=0x00000019ecdfccf0)
0x00000019ecdfccf0:   0000012a643abe90 0000012a634839f8
0x00000019ecdfcd00:   0000012a00000305 0000000000000020
0x00000019ecdfcd10:   0000012a643abe90 0000000000000001
0x00000019ecdfcd20:   0000012a5e5afc30 0000000000000000
0x00000019ecdfcd30:   0000000000000000 0000012a634839f8
0x00000019ecdfcd40:   00000019ecdfd268 00007ffc98067d0d
0x00000019ecdfcd50:   0000012a634839d0 0000012a634839f8
0x00000019ecdfcd60:   00000019ecdfd250 0000000000000001
0x00000019ecdfcd70:   00000019ecdfce08 00007ffc980b5607
0x00000019ecdfcd80:   00000000000027d8 0000012a634839f8
0x00000019ecdfcd90:   0000012a634861b8 0000012a5e3a3660
0x00000019ecdfcda0:   0000000000000008 0000012a5e5afc30
0x00000019ecdfcdb0:   0000012a5e5afc30 00000019ecdfd250
0x00000019ecdfcdc0:   0000000000000000 0000000000000000
0x00000019ecdfcdd0:   fffffffffffffff8 00000019ecdfce38
0x00000019ecdfcde0:   0000012a5e5afc30 00007ffc98068c56
0x00000019ecdfcdf0:   0000012a0000fffe 0000001900000116
0x00000019ecdfce00:   0000000000000001 0000000000000001
0x00000019ecdfce10:   0000012a641bf030 0000012a641bf500
0x00000019ecdfce20:   0000012a641bed80 0000012a5e392ba0
0x00000019ecdfce30:   00000019ecdfe870 0000000000000000
0x00000019ecdfce40:   0000000000000000 00000019ecdfd250
0x00000019ecdfce50:   00000019ecdfcee9 00007ffc98066fad
0x00000019ecdfce60:   0000000000000010 0000000000000033
0x00000019ecdfce70:   0000000000000010 0000012a641be5c8
0x00000019ecdfce80:   0000012a5e5b0330 00000019ecdfe870
0x00000019ecdfce90:   0000000000100000 0000000000000000
0x00000019ecdfcea0:   0000000000000000 0000000000000000
0x00000019ecdfceb0:   0000000000000000 0000000000000000
0x00000019ecdfcec0:   0000000000000000 0000000000000000
0x00000019ecdfced0:   0000000000000000 0000000000000000
0x00000019ecdfcee0:   0000000000000000 0000000000000000 

Instructions: (pc=0x00007ffc98062535)
0x00007ffc98062435:   b7 b4 4f f0 04 00 00 d1 ee 81 fe 8b 00 00 00 73
0x00007ffc98062445:   28 48 8b cf e8 12 cf a5 ff 48 8b 4b 40 4d 8b cc
0x00007ffc98062455:   44 8b c6 48 89 5c 24 20 48 8b d7 48 89 41 08 48
0x00007ffc98062465:   8b cd e8 84 04 00 00 eb 70 48 8b 95 c8 00 00 00
0x00007ffc98062475:   48 63 c1 48 8b cf 8b 14 82 e8 dd ce a5 ff 48 8b
0x00007ffc98062485:   4b 40 4c 8d 4c 24 68 44 8b c6 48 8b d7 48 89 41
0x00007ffc98062495:   08 48 8b cd 48 c7 44 24 68 01 00 00 00 e8 39 fe
0x00007ffc980624a5:   ff ff 48 8b d0 48 8b cb e8 3e 09 05 00 eb 2a 49
0x00007ffc980624b5:   8b 57 08 48 8b 12 e8 30 09 05 00 4d 8b cc c7 44
0x00007ffc980624c5:   24 28 01 00 00 00 45 8b c6 48 89 5c 24 20 48 8b
0x00007ffc980624d5:   d7 48 8b cd e8 12 02 00 00 4d 8b 04 24 49 83 f8
0x00007ffc980624e5:   01 74 0d ba 01 00 00 00 48 8b cb e8 db 23 05 00
0x00007ffc980624f5:   41 8b 47 2c 25 ff 03 00 00 3d 00 02 00 00 75 15
0x00007ffc98062505:   4d 8b 47 08 ba 01 00 00 00 48 8b cb 4d 8b 40 08
0x00007ffc98062515:   e8 b6 23 05 00 48 8b 03 4c 8d 85 00 01 00 00 4d
0x00007ffc98062525:   8b 0c 24 48 8b d7 44 8b ad 18 01 00 00 48 8b cb
0x00007ffc98062535:   ff 90 28 01 00 00 4c 8b f0 48 3b c3 0f 84 a6 00
0x00007ffc98062545:   00 00 48 8b 48 08 48 8b 49 08 8b 51 30 c1 ea 04
0x00007ffc98062555:   f6 c2 01 74 12 4c 8b 45 10 33 d2 4d 8b 80 e0 02
0x00007ffc98062565:   00 00 e8 74 a0 a3 ff 45 33 e4 41 8b fc 44 39 63
0x00007ffc98062575:   18 76 75 8b 0d 6a f5 67 00 65 48 8b 04 25 58 00
0x00007ffc98062585:   00 00 ba 70 00 00 00 48 8b 34 c8 48 03 f2 0f 1f
0x00007ffc98062595:   40 00 66 0f 1f 84 00 00 00 00 00 48 8b 43 08 8b
0x00007ffc980625a5:   cf 4c 8d 0c c8 48 8b 0c c8 48 85 c9 74 26 4c 8b
0x00007ffc980625b5:   41 10 4d 85 c0 74 1d 8b 41 20 49 8d 14 c0 48 39
0x00007ffc980625c5:   5a f8 48 8d 52 f8 75 f6 ff c8 89 41 20 49 8b 0c
0x00007ffc980625d5:   c0 48 89 0a 4d 89 21 44 38 26 75 05 e8 1a d8 2e
0x00007ffc980625e5:   00 ff c7 3b 7b 18 72 b3 80 bd c8 02 00 00 00 74
0x00007ffc980625f5:   16 4c 3b f3 0f 85 a8 00 00 00 44 3b ad 18 01 00
0x00007ffc98062605:   00 0f 85 bb 00 00 00 41 8b 47 30 c1 e8 04 a8 01
0x00007ffc98062615:   75 10 41 8b 47 2c 25 ff 01 00 00 3d 04 01 00 00
0x00007ffc98062625:   75 25 41 8b 7f 28 3b bd 28 01 00 00 72 0e 8b d7 


Stack slot to memory mapping:

stack at sp + 0 slots: 0x0000012a643abe90 points into unknown readable memory: 0x00007ffc9838ddd0 | d0 dd 38 98 fc 7f 00 00
stack at sp + 1 slots: 0x0000012a634839f8 points into unknown readable memory: 0x7f97fffe00000000 | 00 00 00 00 fe ff 97 7f
stack at sp + 2 slots: 0x0000012a00000305 is an unknown value
stack at sp + 3 slots: 0x0000000000000020 is an unknown value
stack at sp + 4 slots: 0x0000012a643abe90 points into unknown readable memory: 0x00007ffc9838ddd0 | d0 dd 38 98 fc 7f 00 00
stack at sp + 5 slots: 0x0000000000000001 is an unknown value
stack at sp + 6 slots: 0x0000012a5e5afc30 points into unknown readable memory: 0x00007ffc983ef640 | 40 f6 3e 98 fc 7f 00 00
stack at sp + 7 slots: 0x0 is null


---------------  P R O C E S S  ---------------

Threads class SMR info:
_java_thread_list=0x0000012a63667690, length=25, elements={
0x0000012a45ee6390, 0x0000012a5e4c8590, 0x0000012a5e4c98f0, 0x0000012a5e3937e0,
0x0000012a5e394240, 0x0000012a5e394ca0, 0x0000012a5e395700, 0x0000012a5e396f10,
0x0000012a5e399dd0, 0x0000012a5e685f90, 0x0000012a5e6840c0, 0x0000012a636cc980,
0x0000012a63a1d860, 0x0000012a63d136c0, 0x0000012a63b62eb0, 0x0000012a63cfa910,
0x0000012a63c7f1c0, 0x0000012a63c7f830, 0x0000012a63b02040, 0x0000012a63b02d60,
0x0000012a63b026d0, 0x0000012a63b03a80, 0x0000012a63b04e30, 0x0000012a63b04110,
0x0000012a63b047a0
}

Java Threads: ( => current thread )
  0x0000012a45ee6390 JavaThread "Forwarding clickElement on session 32ba9e84b2219388fe31e311fc96ea25 to remote"        [_thread_blocked, id=5932, stack(0x00000019ebf00000,0x00000019ec000000) (1024K)]
  0x0000012a5e4c8590 JavaThread "Reference Handler"          daemon [_thread_blocked, id=14788, stack(0x00000019ec700000,0x00000019ec800000) (1024K)]
  0x0000012a5e4c98f0 JavaThread "Finalizer"                  daemon [_thread_blocked, id=9884, stack(0x00000019ec800000,0x00000019ec900000) (1024K)]
  0x0000012a5e3937e0 JavaThread "Signal Dispatcher"          daemon [_thread_blocked, id=3444, stack(0x00000019ec900000,0x00000019eca00000) (1024K)]
  0x0000012a5e394240 JavaThread "Attach Listener"            daemon [_thread_blocked, id=2484, stack(0x00000019eca00000,0x00000019ecb00000) (1024K)]
  0x0000012a5e394ca0 JavaThread "Service Thread"             daemon [_thread_blocked, id=15216, stack(0x00000019ecb00000,0x00000019ecc00000) (1024K)]
  0x0000012a5e395700 JavaThread "Monitor Deflation Thread"   daemon [_thread_blocked, id=11588, stack(0x00000019ecc00000,0x00000019ecd00000) (1024K)]
=>0x0000012a5e396f10 JavaThread "C2 CompilerThread0"         daemon [_thread_in_native, id=1184, stack(0x00000019ecd00000,0x00000019ece00000) (1024K)]
  0x0000012a5e399dd0 JavaThread "C1 CompilerThread0"         daemon [_thread_blocked, id=412, stack(0x00000019ece00000,0x00000019ecf00000) (1024K)]
  0x0000012a5e685f90 JavaThread "Notification Thread"        daemon [_thread_blocked, id=12628, stack(0x00000019ecf00000,0x00000019ed000000) (1024K)]
  0x0000012a5e6840c0 JavaThread "Common-Cleaner"             daemon [_thread_blocked, id=932, stack(0x00000019ed000000,0x00000019ed100000) (1024K)]
  0x0000012a636cc980 JavaThread "ReaderThread"                      [_thread_in_native, id=13268, stack(0x00000019ed300000,0x00000019ed400000) (1024K)]
  0x0000012a63a1d860 JavaThread "ForkJoinPool.commonPool-worker-1" daemon [_thread_blocked, id=14104, stack(0x00000019ed100000,0x00000019ed200000) (1024K)]
  0x0000012a63d136c0 JavaThread "HttpClient-1-SelectorManager" daemon [_thread_in_native, id=2252, stack(0x00000019ed700000,0x00000019ed800000) (1024K)]
  0x0000012a63b62eb0 JavaThread "External Process Output Forwarder - C:\Users\HP\.cache\selenium\chromedriver\win64\127.0.6533.119\chromedriver.exe" daemon [_thread_in_native, id=13180, stack(0x00000019ed800000,0x00000019ed900000) (1024K)]
  0x0000012a63cfa910 JavaThread "Driver Service Executor"    daemon [_thread_blocked, id=11496, stack(0x00000019ed900000,0x00000019eda00000) (1024K)]
  0x0000012a63c7f1c0 JavaThread "Driver Service Executor"    daemon [_thread_in_native, id=4792, stack(0x00000019eda00000,0x00000019edb00000) (1024K)]
  0x0000012a63c7f830 JavaThread "UrlChecker-2"               daemon [_thread_blocked, id=11232, stack(0x00000019edb00000,0x00000019edc00000) (1024K)]
  0x0000012a63b02040 JavaThread "JdkHttpClient-0-0"          daemon [_thread_blocked, id=5116, stack(0x00000019ede00000,0x00000019edf00000) (1024K)]
  0x0000012a63b02d60 JavaThread "JdkHttpClient-0-1"          daemon [_thread_blocked, id=3160, stack(0x00000019edf00000,0x00000019ee000000) (1024K)]
  0x0000012a63b026d0 JavaThread "JdkHttpClient-0-2"          daemon [_thread_blocked, id=8460, stack(0x00000019ee000000,0x00000019ee100000) (1024K)]
  0x0000012a63b03a80 JavaThread "HttpClient-2-SelectorManager" daemon [_thread_in_native, id=15404, stack(0x00000019edd00000,0x00000019ede00000) (1024K)]
  0x0000012a63b04e30 JavaThread "JdkHttpClient-1-0"          daemon [_thread_blocked, id=15400, stack(0x00000019ee100000,0x00000019ee200000) (1024K)]
  0x0000012a63b04110 JavaThread "JdkHttpClient-1-1"          daemon [_thread_blocked, id=15172, stack(0x00000019ee200000,0x00000019ee300000) (1024K)]
  0x0000012a63b047a0 JavaThread "JdkHttpClient-1-2"          daemon [_thread_blocked, id=15088, stack(0x00000019ee300000,0x00000019ee400000) (1024K)]
Total: 25

Other Threads:
  0x0000012a5e34e9f0 VMThread "VM Thread"                           [id=352, stack(0x00000019ec600000,0x00000019ec700000) (1024K)]
  0x0000012a4807cef0 WatcherThread "VM Periodic Task Thread"        [id=7364, stack(0x00000019ec500000,0x00000019ec600000) (1024K)]
  0x0000012a48010310 WorkerThread "GC Thread#0"                     [id=10340, stack(0x00000019ec000000,0x00000019ec100000) (1024K)]
  0x0000012a637152c0 WorkerThread "GC Thread#1"                     [id=2472, stack(0x00000019ed400000,0x00000019ed500000) (1024K)]
  0x0000012a633b8190 WorkerThread "GC Thread#2"                     [id=14472, stack(0x00000019ed500000,0x00000019ed600000) (1024K)]
  0x0000012a633b8530 WorkerThread "GC Thread#3"                     [id=14952, stack(0x00000019ed600000,0x00000019ed700000) (1024K)]
  0x0000012a48019810 ConcurrentGCThread "G1 Main Marker"            [id=7420, stack(0x00000019ec100000,0x00000019ec200000) (1024K)]
  0x0000012a4801a230 WorkerThread "G1 Conc#0"                       [id=14308, stack(0x00000019ec200000,0x00000019ec300000) (1024K)]
  0x0000012a4806dc60 ConcurrentGCThread "G1 Refine#0"               [id=8820, stack(0x00000019ec300000,0x00000019ec400000) (1024K)]
  0x0000012a4806e6e0 ConcurrentGCThread "G1 Service"                [id=1504, stack(0x00000019ec400000,0x00000019ec500000) (1024K)]
Total: 10

Threads with active compile tasks:
C2 CompilerThread0    15667 2497       4       java.util.concurrent.atomic.AtomicLong::incrementAndGet (14 bytes)
Total: 1

VM state: not at safepoint (normal execution)

VM Mutex/Monitor currently owned by a thread: None

Heap address: 0x00000000c1a00000, size: 998 MB, Compressed Oops mode: 32-bit

CDS archive(s) not mapped
Compressed class space mapped at: 0x0000000100000000-0x0000000140000000, reserved size: 1073741824
Narrow klass base: 0x0000000000000000, Narrow klass shift: 3, Narrow klass range: 0x140000000

GC Precious Log:
 CardTable entry size: 512
 Card Set container configuration: InlinePtr #cards 5 size 8 Array Of Cards #cards 12 size 40 Howl #buckets 4 coarsen threshold 1843 Howl Bitmap #cards 512 size 80 coarsen threshold 460 Card regions per heap region 1 cards per card region 2048
 CPUs: 4 total, 4 available
 Memory: 3986M
 Large Page Support: Disabled
 NUMA Support: Disabled
 Compressed Oops: Enabled (32-bit)
 Heap Region Size: 1M
 Heap Min Capacity: 8M
 Heap Initial Capacity: 64M
 Heap Max Capacity: 998M
 Pre-touch: Disabled
 Parallel Workers: 4
 Concurrent Workers: 1
 Concurrent Refinement Workers: 4
 Periodic GC: Disabled

Heap:
 garbage-first heap   total 34816K, used 16477K [0x00000000c1a00000, 0x0000000100000000)
  region size 1024K, 11 young (11264K), 3 survivors (3072K)
 Metaspace       used 27223K, committed 27712K, reserved 1114112K
  class space    used 2960K, committed 3200K, reserved 1048576K

Heap Regions: E=young(eden), S=young(survivor), O=old, HS=humongous(starts), HC=humongous(continues), CS=collection set, F=free, TAMS=top-at-mark-start, PB=parsable bottom
|   0|0x00000000c1a00000, 0x00000000c1b00000, 0x00000000c1b00000|100%| O|  |TAMS 0x00000000c1a00000| PB 0x00000000c1a00000| Untracked 
|   1|0x00000000c1b00000, 0x00000000c1c00000, 0x00000000c1c00000|100%| O|  |TAMS 0x00000000c1b00000| PB 0x00000000c1b00000| Untracked 
|   2|0x00000000c1c00000, 0x00000000c1d00000, 0x00000000c1d00000|100%| O|  |TAMS 0x00000000c1c00000| PB 0x00000000c1c00000| Untracked 
|   3|0x00000000c1d00000, 0x00000000c1e00000, 0x00000000c1e00000|100%| O|  |TAMS 0x00000000c1d00000| PB 0x00000000c1d00000| Untracked 
|   4|0x00000000c1e00000, 0x00000000c1efb0b0, 0x00000000c1f00000| 98%| O|  |TAMS 0x00000000c1e00000| PB 0x00000000c1e00000| Untracked 
|   5|0x00000000c1f00000, 0x00000000c2000000, 0x00000000c2000000|100%| O|  |TAMS 0x00000000c1f00000| PB 0x00000000c1f00000| Untracked 
|   6|0x00000000c2000000, 0x00000000c201c3e0, 0x00000000c2100000| 11%| O|  |TAMS 0x00000000c2000000| PB 0x00000000c2000000| Untracked 
|   7|0x00000000c2100000, 0x00000000c2100000, 0x00000000c2200000|  0%| F|  |TAMS 0x00000000c2100000| PB 0x00000000c2100000| Untracked 
|   8|0x00000000c2200000, 0x00000000c2200000, 0x00000000c2300000|  0%| F|  |TAMS 0x00000000c2200000| PB 0x00000000c2200000| Untracked 
|   9|0x00000000c2300000, 0x00000000c2300000, 0x00000000c2400000|  0%| F|  |TAMS 0x00000000c2300000| PB 0x00000000c2300000| Untracked 
|  10|0x00000000c2400000, 0x00000000c2400000, 0x00000000c2500000|  0%| F|  |TAMS 0x00000000c2400000| PB 0x00000000c2400000| Untracked 
|  11|0x00000000c2500000, 0x00000000c2600000, 0x00000000c2600000|100%| S|CS|TAMS 0x00000000c2500000| PB 0x00000000c2500000| Complete 
|  12|0x00000000c2600000, 0x00000000c2700000, 0x00000000c2700000|100%| S|CS|TAMS 0x00000000c2600000| PB 0x00000000c2600000| Complete 
|  13|0x00000000c2700000, 0x00000000c2800000, 0x00000000c2800000|100%| S|CS|TAMS 0x00000000c2700000| PB 0x00000000c2700000| Complete 
|  14|0x00000000c2800000, 0x00000000c2800000, 0x00000000c2900000|  0%| F|  |TAMS 0x00000000c2800000| PB 0x00000000c2800000| Untracked 
|  15|0x00000000c2900000, 0x00000000c2900000, 0x00000000c2a00000|  0%| F|  |TAMS 0x00000000c2900000| PB 0x00000000c2900000| Untracked 
|  16|0x00000000c2a00000, 0x00000000c2a00000, 0x00000000c2b00000|  0%| F|  |TAMS 0x00000000c2a00000| PB 0x00000000c2a00000| Untracked 
|  17|0x00000000c2b00000, 0x00000000c2b00000, 0x00000000c2c00000|  0%| F|  |TAMS 0x00000000c2b00000| PB 0x00000000c2b00000| Untracked 
|  18|0x00000000c2c00000, 0x00000000c2c00000, 0x00000000c2d00000|  0%| F|  |TAMS 0x00000000c2c00000| PB 0x00000000c2c00000| Untracked 
|  19|0x00000000c2d00000, 0x00000000c2d00000, 0x00000000c2e00000|  0%| F|  |TAMS 0x00000000c2d00000| PB 0x00000000c2d00000| Untracked 
|  20|0x00000000c2e00000, 0x00000000c2e00000, 0x00000000c2f00000|  0%| F|  |TAMS 0x00000000c2e00000| PB 0x00000000c2e00000| Untracked 
|  21|0x00000000c2f00000, 0x00000000c2f00000, 0x00000000c3000000|  0%| F|  |TAMS 0x00000000c2f00000| PB 0x00000000c2f00000| Untracked 
|  22|0x00000000c3000000, 0x00000000c3000000, 0x00000000c3100000|  0%| F|  |TAMS 0x00000000c3000000| PB 0x00000000c3000000| Untracked 
|  23|0x00000000c3100000, 0x00000000c3100000, 0x00000000c3200000|  0%| F|  |TAMS 0x00000000c3100000| PB 0x00000000c3100000| Untracked 
|  24|0x00000000c3200000, 0x00000000c3200000, 0x00000000c3300000|  0%| F|  |TAMS 0x00000000c3200000| PB 0x00000000c3200000| Untracked 
|  25|0x00000000c3300000, 0x00000000c3300000, 0x00000000c3400000|  0%| F|  |TAMS 0x00000000c3300000| PB 0x00000000c3300000| Untracked 
|  26|0x00000000c3400000, 0x00000000c349fd40, 0x00000000c3500000| 62%| E|  |TAMS 0x00000000c3400000| PB 0x00000000c3400000| Complete 
|  27|0x00000000c3500000, 0x00000000c3600000, 0x00000000c3600000|100%| E|CS|TAMS 0x00000000c3500000| PB 0x00000000c3500000| Complete 
|  28|0x00000000c3600000, 0x00000000c3700000, 0x00000000c3700000|100%| E|CS|TAMS 0x00000000c3600000| PB 0x00000000c3600000| Complete 
|  53|0x00000000c4f00000, 0x00000000c5000000, 0x00000000c5000000|100%| E|CS|TAMS 0x00000000c4f00000| PB 0x00000000c4f00000| Complete 
|  54|0x00000000c5000000, 0x00000000c5100000, 0x00000000c5100000|100%| E|CS|TAMS 0x00000000c5000000| PB 0x00000000c5000000| Complete 
|  55|0x00000000c5100000, 0x00000000c5200000, 0x00000000c5200000|100%| E|CS|TAMS 0x00000000c5100000| PB 0x00000000c5100000| Complete 
|  62|0x00000000c5800000, 0x00000000c5900000, 0x00000000c5900000|100%| E|CS|TAMS 0x00000000c5800000| PB 0x00000000c5800000| Complete 
|  63|0x00000000c5900000, 0x00000000c5a00000, 0x00000000c5a00000|100%| E|CS|TAMS 0x00000000c5900000| PB 0x00000000c5900000| Complete 

Card table byte_map: [0x0000012a5ace0000,0x0000012a5aee0000] _byte_map_base: 0x0000012a5a6d3000

Marking Bits: (CMBitMap*) 0x0000012a48010920
 Bits: [0x0000012a5aee0000, 0x0000012a5be78000)

Polling page: 0x0000012a46150000

Metaspace:

Usage:
  Non-class:     23.69 MB used.
      Class:      2.89 MB used.
       Both:     26.59 MB used.

Virtual space:
  Non-class space:       64.00 MB reserved,      23.94 MB ( 37%) committed,  1 nodes.
      Class space:        1.00 GB reserved,       3.12 MB ( <1%) committed,  1 nodes.
             Both:        1.06 GB reserved,      27.06 MB (  2%) committed. 

Chunk freelists:
   Non-Class:  7.80 MB
       Class:  12.86 MB
        Both:  20.66 MB

MaxMetaspaceSize: unlimited
CompressedClassSpaceSize: 1.00 GB
Initial GC threshold: 21.00 MB
Current GC threshold: 35.44 MB
CDS: off
 - commit_granule_bytes: 65536.
 - commit_granule_words: 8192.
 - virtual_space_node_default_size: 8388608.
 - enlarge_chunks_in_place: 1.
 - use_allocation_guard: 0.


Internal statistics:

num_allocs_failed_limit: 3.
num_arena_births: 526.
num_arena_deaths: 0.
num_vsnodes_births: 2.
num_vsnodes_deaths: 0.
num_space_committed: 433.
num_space_uncommitted: 0.
num_chunks_returned_to_freelist: 3.
num_chunks_taken_from_freelist: 1049.
num_chunk_merges: 0.
num_chunk_splits: 617.
num_chunks_enlarged: 336.
num_inconsistent_stats: 0.

CodeHeap 'non-profiled nmethods': size=120000Kb used=926Kb max_used=926Kb free=119073Kb
 bounds [0x0000012a535b0000, 0x0000012a53820000, 0x0000012a5aae0000]
CodeHeap 'profiled nmethods': size=120000Kb used=4695Kb max_used=4695Kb free=115304Kb
 bounds [0x0000012a4bae0000, 0x0000012a4bf80000, 0x0000012a53010000]
CodeHeap 'non-nmethods': size=5760Kb used=1509Kb max_used=1552Kb free=4250Kb
 bounds [0x0000012a53010000, 0x0000012a53280000, 0x0000012a535b0000]
 total_blobs=3093 nmethods=2509 adapters=488
 compilation: enabled
              stopped_count=0, restarted_count=0
 full_count=0

Compilation events (20 events):
Event: 14.971 Thread 0x0000012a5e399dd0 2503       3       java.util.stream.FindOps$FindSink$OfRef::get (19 bytes)
Event: 14.971 Thread 0x0000012a5e399dd0 nmethod 2503 0x0000012a4bf73410 code [0x0000012a4bf73600, 0x0000012a4bf73aa0]
Event: 14.971 Thread 0x0000012a5e399dd0 2504       3       java.util.stream.ReferencePipeline::findFirst (12 bytes)
Event: 14.972 Thread 0x0000012a5e399dd0 nmethod 2504 0x0000012a4bf73c10 code [0x0000012a4bf73de0, 0x0000012a4bf74088]
Event: 14.972 Thread 0x0000012a5e399dd0 2505       3       java.util.stream.FindOps$FindSink$OfRef$$Lambda/0x000000010012d7b0::get (8 bytes)
Event: 14.972 Thread 0x0000012a5e399dd0 nmethod 2505 0x0000012a4bf74190 code [0x0000012a4bf74340, 0x0000012a4bf745b8]
Event: 14.972 Thread 0x0000012a5e399dd0 2506       3       java.util.concurrent.locks.LockSupport::setCurrentBlocker (14 bytes)
Event: 14.972 Thread 0x0000012a5e399dd0 nmethod 2506 0x0000012a4bf74710 code [0x0000012a4bf748c0, 0x0000012a4bf74ad8]
Event: 14.973 Thread 0x0000012a5e399dd0 2507       3       jdk.internal.net.http.common.Log::logTrace (27 bytes)
Event: 14.973 Thread 0x0000012a5e399dd0 nmethod 2507 0x0000012a4bf74b90 code [0x0000012a4bf74d60, 0x0000012a4bf750a0]
Event: 14.973 Thread 0x0000012a5e396f10 nmethod 2495 0x0000012a53697310 code [0x0000012a536974c0, 0x0000012a53697738]
Event: 14.973 Thread 0x0000012a5e399dd0 2508       3       jdk.internal.net.http.common.Log::trace (15 bytes)
Event: 14.973 Thread 0x0000012a5e396f10 2497       4       java.util.concurrent.atomic.AtomicLong::incrementAndGet (14 bytes)
Event: 14.974 Thread 0x0000012a5e399dd0 nmethod 2508 0x0000012a4bf75210 code [0x0000012a4bf753a0, 0x0000012a4bf754f8]
Event: 14.974 Thread 0x0000012a5e399dd0 2509       1       jdk.internal.net.http.HttpRequestImpl::secure (5 bytes)
Event: 14.974 Thread 0x0000012a5e399dd0 nmethod 2509 0x0000012a53697890 code [0x0000012a53697a20, 0x0000012a53697af0]
Event: 14.974 Thread 0x0000012a5e399dd0 2510       3       java.nio.Buffer::flip (20 bytes)
Event: 14.974 Thread 0x0000012a5e399dd0 nmethod 2510 0x0000012a4bf75590 code [0x0000012a4bf75720, 0x0000012a4bf75840]
Event: 15.148 Thread 0x0000012a5e399dd0 2511       3       java.util.AbstractMap::isEmpty (13 bytes)
Event: 15.149 Thread 0x0000012a5e399dd0 nmethod 2511 0x0000012a4bf75910 code [0x0000012a4bf75ac0, 0x0000012a4bf75cd8]

GC Heap History (8 events):
Event: 1.709 GC heap before
{Heap before GC invocations=0 (full 0):
 garbage-first heap   total 65536K, used 12288K [0x00000000c1a00000, 0x0000000100000000)
  region size 1024K, 13 young (13312K), 0 survivors (0K)
 Metaspace       used 12894K, committed 13056K, reserved 1114112K
  class space    used 1180K, committed 1280K, reserved 1048576K
}
Event: 1.716 GC heap after
{Heap after GC invocations=1 (full 0):
 garbage-first heap   total 65536K, used 5096K [0x00000000c1a00000, 0x0000000100000000)
  region size 1024K, 2 young (2048K), 2 survivors (2048K)
 Metaspace       used 12894K, committed 13056K, reserved 1114112K
  class space    used 1180K, committed 1280K, reserved 1048576K
}
Event: 2.375 GC heap before
{Heap before GC invocations=1 (full 0):
 garbage-first heap   total 65536K, used 17384K [0x00000000c1a00000, 0x0000000100000000)
  region size 1024K, 14 young (14336K), 2 survivors (2048K)
 Metaspace       used 17689K, committed 17984K, reserved 1114112K
  class space    used 1784K, committed 1920K, reserved 1048576K
}
Event: 2.381 GC heap after
{Heap after GC invocations=2 (full 0):
 garbage-first heap   total 65536K, used 6384K [0x00000000c1a00000, 0x0000000100000000)
  region size 1024K, 2 young (2048K), 2 survivors (2048K)
 Metaspace       used 17689K, committed 17984K, reserved 1114112K
  class space    used 1784K, committed 1920K, reserved 1048576K
}
Event: 3.954 GC heap before
{Heap before GC invocations=2 (full 0):
 garbage-first heap   total 65536K, used 13552K [0x00000000c1a00000, 0x0000000100000000)
  region size 1024K, 10 young (10240K), 2 survivors (2048K)
 Metaspace       used 21080K, committed 21504K, reserved 1114112K
  class space    used 2198K, committed 2432K, reserved 1048576K
}
Event: 3.960 GC heap after
{Heap after GC invocations=3 (full 0):
 garbage-first heap   total 65536K, used 7202K [0x00000000c1a00000, 0x0000000100000000)
  region size 1024K, 3 young (3072K), 3 survivors (3072K)
 Metaspace       used 21080K, committed 21504K, reserved 1114112K
  class space    used 2198K, committed 2432K, reserved 1048576K
}
Event: 5.926 GC heap before
{Heap before GC invocations=4 (full 0):
 garbage-first heap   total 34816K, used 23586K [0x00000000c1a00000, 0x0000000100000000)
  region size 1024K, 20 young (20480K), 3 survivors (3072K)
 Metaspace       used 25689K, committed 26176K, reserved 1114112K
  class space    used 2784K, committed 3008K, reserved 1048576K
}
Event: 5.936 GC heap after
{Heap after GC invocations=5 (full 0):
 garbage-first heap   total 34816K, used 9309K [0x00000000c1a00000, 0x0000000100000000)
  region size 1024K, 3 young (3072K), 3 survivors (3072K)
 Metaspace       used 25689K, committed 26176K, reserved 1114112K
  class space    used 2784K, committed 3008K, reserved 1048576K
}

Dll operation events (9 events):
Event: 0.010 Loaded shared library E:\xavier data\Software Testing\Java and eclipse\Eclipse\Extarct eclipse\eclipse\plugins\org.eclipse.justj.openjdk.hotspot.jre.full.win32.x86_64_21.0.3.v20240426-1530\jre\bin\java.dll
Event: 0.018 Loaded shared library E:\xavier data\Software Testing\Java and eclipse\Eclipse\Extarct eclipse\eclipse\plugins\org.eclipse.justj.openjdk.hotspot.jre.full.win32.x86_64_21.0.3.v20240426-1530\jre\bin\zip.dll
Event: 0.303 Loaded shared library E:\xavier data\Software Testing\Java and eclipse\Eclipse\Extarct eclipse\eclipse\plugins\org.eclipse.justj.openjdk.hotspot.jre.full.win32.x86_64_21.0.3.v20240426-1530\jre\bin\net.dll
Event: 0.306 Loaded shared library E:\xavier data\Software Testing\Java and eclipse\Eclipse\Extarct eclipse\eclipse\plugins\org.eclipse.justj.openjdk.hotspot.jre.full.win32.x86_64_21.0.3.v20240426-1530\jre\bin\nio.dll
Event: 0.323 Loaded shared library E:\xavier data\Software Testing\Java and eclipse\Eclipse\Extarct eclipse\eclipse\plugins\org.eclipse.justj.openjdk.hotspot.jre.full.win32.x86_64_21.0.3.v20240426-1530\jre\bin\zip.dll
Event: 0.870 Loaded shared library E:\xavier data\Software Testing\Java and eclipse\Eclipse\Extarct eclipse\eclipse\plugins\org.eclipse.justj.openjdk.hotspot.jre.full.win32.x86_64_21.0.3.v20240426-1530\jre\bin\jimage.dll
Event: 1.016 Loaded shared library E:\xavier data\Software Testing\Java and eclipse\Eclipse\Extarct eclipse\eclipse\plugins\org.eclipse.justj.openjdk.hotspot.jre.full.win32.x86_64_21.0.3.v20240426-1530\jre\bin\verify.dll
Event: 1.343 Loaded shared library E:\xavier data\Software Testing\Java and eclipse\Eclipse\Extarct eclipse\eclipse\plugins\org.eclipse.justj.openjdk.hotspot.jre.full.win32.x86_64_21.0.3.v20240426-1530\jre\bin\extnet.dll
Event: 4.199 Loaded shared library E:\xavier data\Software Testing\Java and eclipse\Eclipse\Extarct eclipse\eclipse\plugins\org.eclipse.justj.openjdk.hotspot.jre.full.win32.x86_64_21.0.3.v20240426-1530\jre\bin\sunmscapi.dll

Deoptimization events (20 events):
Event: 4.323 Thread 0x0000012a45ee6390 DEOPT PACKING pc=0x0000012a5362c81c sp=0x00000019ebffc8a0
Event: 4.323 Thread 0x0000012a45ee6390 DEOPT UNPACKING pc=0x0000012a530646a2 sp=0x00000019ebffc858 mode 2
Event: 4.323 Thread 0x0000012a45ee6390 Uncommon trap: trap_request=0xffffffde fr.pc=0x0000012a5362c81c relative=0x000000000000033c
Event: 4.323 Thread 0x0000012a45ee6390 Uncommon trap: reason=class_check action=maybe_recompile pc=0x0000012a5362c81c method=java.util.regex.Pattern$BmpCharPropertyGreedy.match(Ljava/util/regex/Matcher;ILjava/lang/CharSequence;)Z @ 26 c2
Event: 4.323 Thread 0x0000012a45ee6390 DEOPT PACKING pc=0x0000012a5362c81c sp=0x00000019ebffc8a0
Event: 4.323 Thread 0x0000012a45ee6390 DEOPT UNPACKING pc=0x0000012a530646a2 sp=0x00000019ebffc858 mode 2
Event: 4.353 Thread 0x0000012a63c7f830 Uncommon trap: trap_request=0xffffffde fr.pc=0x0000012a5362c81c relative=0x000000000000033c
Event: 4.353 Thread 0x0000012a63c7f830 Uncommon trap: reason=class_check action=maybe_recompile pc=0x0000012a5362c81c method=java.util.regex.Pattern$BmpCharPropertyGreedy.match(Ljava/util/regex/Matcher;ILjava/lang/CharSequence;)Z @ 26 c2
Event: 4.353 Thread 0x0000012a63c7f830 DEOPT PACKING pc=0x0000012a5362c81c sp=0x00000019edbfe3d0
Event: 4.353 Thread 0x0000012a63c7f830 DEOPT UNPACKING pc=0x0000012a530646a2 sp=0x00000019edbfe368 mode 2
Event: 4.362 Thread 0x0000012a63c7f830 Uncommon trap: trap_request=0xffffff45 fr.pc=0x0000012a535fee88 relative=0x00000000000001a8
Event: 4.363 Thread 0x0000012a63c7f830 Uncommon trap: reason=unstable_if action=reinterpret pc=0x0000012a535fee88 method=java.lang.invoke.VarHandle.checkAccessModeThenIsDirect(Ljava/lang/invoke/VarHandle$AccessDescriptor;)Z @ 4 c2
Event: 4.363 Thread 0x0000012a63c7f830 DEOPT PACKING pc=0x0000012a535fee88 sp=0x00000019edbfe9a0
Event: 4.363 Thread 0x0000012a63c7f830 DEOPT UNPACKING pc=0x0000012a530646a2 sp=0x00000019edbfe8d8 mode 2
Event: 5.883 Thread 0x0000012a45ee6390 DEOPT PACKING pc=0x0000012a4bb990b0 sp=0x00000019ebffd270
Event: 5.883 Thread 0x0000012a45ee6390 DEOPT UNPACKING pc=0x0000012a53064e42 sp=0x00000019ebffc848 mode 0
Event: 5.961 Thread 0x0000012a45ee6390 Uncommon trap: trap_request=0xffffff45 fr.pc=0x0000012a5362a88c relative=0x0000000000000e0c
Event: 5.961 Thread 0x0000012a45ee6390 Uncommon trap: reason=unstable_if action=reinterpret pc=0x0000012a5362a88c method=java.util.concurrent.ConcurrentHashMap.putVal(Ljava/lang/Object;Ljava/lang/Object;Z)Ljava/lang/Object; @ 231 c2
Event: 5.961 Thread 0x0000012a45ee6390 DEOPT PACKING pc=0x0000012a5362a88c sp=0x00000019ebffd570
Event: 5.961 Thread 0x0000012a45ee6390 DEOPT UNPACKING pc=0x0000012a530646a2 sp=0x00000019ebffd4d0 mode 2

Classes loaded (20 events):
Event: 6.170 Loading class java/time/LocalDate$1
Event: 6.170 Loading class java/time/LocalDate$1 done
Event: 6.170 Loading class java/text/DateFormatSymbols
Event: 6.171 Loading class java/text/DateFormatSymbols done
Event: 6.171 Loading class java/text/spi/DateFormatSymbolsProvider
Event: 6.171 Loading class java/text/spi/DateFormatSymbolsProvider done
Event: 6.172 Loading class sun/util/locale/provider/DateFormatSymbolsProviderImpl
Event: 6.172 Loading class sun/util/locale/provider/DateFormatSymbolsProviderImpl done
Event: 6.172 Loading class java/time/LocalTime$1
Event: 6.172 Loading class java/time/LocalTime$1 done
Event: 11.192 Loading class jdk/internal/reflect/MethodHandleLongFieldAccessorImpl
Event: 11.192 Loading class jdk/internal/reflect/MethodHandleLongFieldAccessorImpl done
Event: 11.230 Loading class java/lang/annotation/ElementType
Event: 11.230 Loading class java/lang/annotation/ElementType done
Event: 11.254 Loading class java/util/AbstractList$ListItr
Event: 11.254 Loading class java/util/AbstractList$ListItr done
Event: 11.374 Loading class java/net/URLEncoder
Event: 11.374 Loading class java/net/URLEncoder done
Event: 11.374 Loading class java/io/CharArrayWriter
Event: 11.374 Loading class java/io/CharArrayWriter done

Classes unloaded (0 events):
No events

Classes redefined (0 events):
No events

Internal exceptions (20 events):
Event: 3.855 Thread 0x0000012a45ee6390 Exception <a 'sun/nio/fs/WindowsException'{0x00000000c5364110}> (0x00000000c5364110) 
thrown [s\src\hotspot\share\prims\jni.cpp, line 520]
Event: 4.319 Thread 0x0000012a45ee6390 Exception <a 'java/lang/NoSuchMethodError'{0x00000000c2fc8748}: 'java.lang.Object java.lang.invoke.DirectMethodHandle$Holder.invokeInterface(java.lang.Object, java.lang.Object, java.lang.Object)'> (0x00000000c2fc8748) 
thrown [s\src\hotspot\share\interpreter\linkResolver.cpp, line 773]
Event: 4.319 Thread 0x0000012a45ee6390 Exception <a 'java/lang/IncompatibleClassChangeError'{0x00000000c2fcbb30}: Found class java.lang.Object, but interface was expected> (0x00000000c2fcbb30) 
thrown [s\src\hotspot\share\interpreter\linkResolver.cpp, line 840]
Event: 4.322 Thread 0x0000012a45ee6390 Exception <a 'java/lang/NoSuchMethodError'{0x00000000c2fd3028}: 'int java.lang.invoke.DirectMethodHandle$Holder.invokeSpecialIFC(java.lang.Object, java.lang.Object, java.lang.Object, java.lang.Object)'> (0x00000000c2fd3028) 
thrown [s\src\hotspot\share\interpreter\linkResolver.cpp, line 773]
Event: 4.330 Thread 0x0000012a45ee6390 Exception <a 'java/lang/NoSuchMethodError'{0x00000000c2ff5e38}: 'java.lang.Object java.lang.invoke.DirectMethodHandle$Holder.invokeVirtual(java.lang.Object, java.lang.Object, java.lang.Object, java.lang.Object)'> (0x00000000c2ff5e38) 
thrown [s\src\hotspot\share\interpreter\linkResolver.cpp, line 773]
Event: 4.363 Thread 0x0000012a63c7f830 Exception <a 'java/net/ConnectException'{0x00000000c2ebdb20}: Connection refused: getsockopt> (0x00000000c2ebdb20) 
thrown [s\src\hotspot\share\prims\jni.cpp, line 539]
Event: 4.378 Thread 0x0000012a63c7f830 Exception <a 'java/net/ConnectException'{0x00000000c2ebeb90}: Connection refused: getsockopt> (0x00000000c2ebeb90) 
thrown [s\src\hotspot\share\prims\jni.cpp, line 539]
Event: 4.466 Thread 0x0000012a45ee6390 Exception <a 'java/lang/NoSuchMethodError'{0x00000000c2d2b530}: 'java.lang.Object java.lang.invoke.DirectMethodHandle$Holder.newInvokeSpecial(java.lang.Object, java.lang.Object, int, int)'> (0x00000000c2d2b530) 
thrown [s\src\hotspot\share\interpreter\linkResolver.cpp, line 773]
Event: 4.468 Thread 0x0000012a45ee6390 Exception <a 'java/lang/NoSuchMethodError'{0x00000000c2d35a08}: 'void java.lang.invoke.DirectMethodHandle$Holder.invokeStatic(java.lang.Object, java.lang.Object, int)'> (0x00000000c2d35a08) 
thrown [s\src\hotspot\share\interpreter\linkResolver.cpp, line 773]
Event: 4.577 Thread 0x0000012a63b02040 Exception <a 'java/lang/NoSuchMethodError'{0x00000000c2ba66f8}: 'java.lang.Object java.lang.invoke.DirectMethodHandle$Holder.invokeSpecial(java.lang.Object, java.lang.Object, java.lang.Object, java.lang.Object, int)'> (0x00000000c2ba66f8) 
thrown [s\src\hotspot\share\interpreter\linkResolver.cpp, line 773]
Event: 4.577 Thread 0x0000012a63b02040 Exception <a 'java/lang/NoSuchMethodError'{0x00000000c2baa040}: 'java.lang.Object java.lang.invoke.Invokers$Holder.linkToTargetMethod(java.lang.Object, java.lang.Object, int, java.lang.Object)'> (0x00000000c2baa040) 
thrown [s\src\hotspot\share\interpreter\linkResolver.cpp, line 773]
Event: 4.623 Thread 0x0000012a63b02040 Exception <a 'java/lang/NoSuchMethodError'{0x00000000c2abe968}: 'void java.lang.invoke.DirectMethodHandle$Holder.invokeSpecial(java.lang.Object, java.lang.Object, java.lang.Object, java.lang.Object, java.lang.Object)'> (0x00000000c2abe968) 
thrown [s\src\hotspot\share\interpreter\linkResolver.cpp, line 773]
Event: 4.656 Thread 0x0000012a63b02040 Exception <a 'java/lang/NoSuchMethodError'{0x00000000c295acd8}: 'int java.lang.invoke.DirectMethodHandle$Holder.invokeSpecialIFC(java.lang.Object, java.lang.Object, java.lang.Object, java.lang.Object, java.lang.Object)'> (0x00000000c295acd8) 
thrown [s\src\hotspot\share\interpreter\linkResolver.cpp, line 773]
Event: 5.856 Thread 0x0000012a63b02040 Exception <a 'java/lang/NoSuchMethodError'{0x00000000c281c9c8}: 'java.lang.Object java.lang.invoke.DirectMethodHandle$Holder.newInvokeSpecial(java.lang.Object, java.lang.Object, long, java.lang.Object, java.lang.Object, java.lang.Object)'> (0x00000000c281c9c8) 
thrown [s\src\hotspot\share\interpreter\linkResolver.cpp, line 773]
Event: 5.865 Thread 0x0000012a63b02040 Exception <a 'java/lang/NoSuchMethodError'{0x00000000c28402f8}: 'void java.lang.invoke.DirectMethodHandle$Holder.invokeSpecial(java.lang.Object, java.lang.Object, java.lang.Object, java.lang.Object, java.lang.Object, java.lang.Object, java.lang.Object)'> (0x00000000c28402f8) 
thrown [s\src\hotspot\share\interpreter\linkResolver.cpp, line 773]
Event: 5.891 Thread 0x0000012a45ee6390 Exception <a 'java/lang/NoSuchMethodError'{0x00000000c2ce75c0}: 'java.lang.Object java.lang.invoke.DirectMethodHandle$Holder.invokeSpecialIFC(java.lang.Object, java.lang.Object, java.lang.Object)'> (0x00000000c2ce75c0) 
thrown [s\src\hotspot\share\interpreter\linkResolver.cpp, line 773]
Event: 6.165 Thread 0x0000012a45ee6390 Exception <a 'java/lang/ClassNotFoundException'{0x00000000c50b98a8}: sun/util/logging/resources/spi/loggingProvider> (0x00000000c50b98a8) 
thrown [s\src\hotspot\share\classfile\systemDictionary.cpp, line 312]
Event: 11.192 Thread 0x0000012a45ee6390 Exception <a 'java/lang/NoSuchMethodError'{0x00000000c4fa5520}: 'long java.lang.invoke.DelegatingMethodHandle$Holder.reinvoke_L(java.lang.Object, java.lang.Object)'> (0x00000000c4fa5520) 
thrown [s\src\hotspot\share\interpreter\linkResolver.cpp, line 773]
Event: 11.195 Thread 0x0000012a45ee6390 Exception <a 'java/lang/NoSuchMethodError'{0x00000000c4faf1e8}: 'void java.lang.invoke.DelegatingMethodHandle$Holder.reinvoke_L(java.lang.Object, java.lang.Object, long)'> (0x00000000c4faf1e8) 
thrown [s\src\hotspot\share\interpreter\linkResolver.cpp, line 773]
Event: 11.197 Thread 0x0000012a45ee6390 Exception <a 'java/lang/NoSuchMethodError'{0x00000000c4fb59c8}: 'long java.lang.invoke.Invokers$Holder.invokeExact_MT(java.lang.Object, java.lang.Object, java.lang.Object)'> (0x00000000c4fb59c8) 
thrown [s\src\hotspot\share\interpreter\linkResolver.cpp, line 773]

ZGC Phase Switch (0 events):
No events

VM Operations (20 events):
Event: 5.833 Executing VM operation: HandshakeAllThreads (Deoptimize)
Event: 5.833 Executing VM operation: HandshakeAllThreads (Deoptimize) done
Event: 5.836 Executing VM operation: HandshakeAllThreads (Deoptimize)
Event: 5.837 Executing VM operation: HandshakeAllThreads (Deoptimize) done
Event: 5.926 Executing VM operation: G1CollectForAllocation (G1 Evacuation Pause)
Event: 5.936 Executing VM operation: G1CollectForAllocation (G1 Evacuation Pause) done
Event: 6.142 Executing VM operation: HandshakeAllThreads (Deoptimize)
Event: 6.142 Executing VM operation: HandshakeAllThreads (Deoptimize) done
Event: 7.144 Executing VM operation: Cleanup
Event: 7.144 Executing VM operation: Cleanup done
Event: 11.165 Executing VM operation: Cleanup
Event: 11.165 Executing VM operation: Cleanup done
Event: 12.180 Executing VM operation: Cleanup
Event: 12.181 Executing VM operation: Cleanup done
Event: 13.187 Executing VM operation: Cleanup
Event: 13.187 Executing VM operation: Cleanup done
Event: 14.197 Executing VM operation: Cleanup
Event: 14.197 Executing VM operation: Cleanup done
Event: 15.205 Executing VM operation: Cleanup
Event: 15.205 Executing VM operation: Cleanup done

Events (20 events):
Event: 3.571 Thread 0x0000012a63bccab0 Thread exited: 0x0000012a63bccab0
Event: 3.667 Thread 0x0000012a63a1d860 Thread added: 0x0000012a63a1d860
Event: 4.285 Thread 0x0000012a63d136c0 Thread added: 0x0000012a63d136c0
Event: 4.338 Thread 0x0000012a63b62eb0 Thread added: 0x0000012a63b62eb0
Event: 4.342 Thread 0x0000012a63cfa910 Thread added: 0x0000012a63cfa910
Event: 4.343 Thread 0x0000012a63c7f1c0 Thread added: 0x0000012a63c7f1c0
Event: 4.347 Thread 0x0000012a63c7f830 Thread added: 0x0000012a63c7f830
Event: 4.416 Thread 0x0000012a63b033f0 Thread added: 0x0000012a63b033f0
Event: 4.493 Thread 0x0000012a63c84cd0 Thread added: 0x0000012a63c84cd0
Event: 4.549 Thread 0x0000012a63b02040 Thread added: 0x0000012a63b02040
Event: 4.654 Thread 0x0000012a63b02d60 Thread added: 0x0000012a63b02d60
Event: 4.656 Thread 0x0000012a63b026d0 Thread added: 0x0000012a63b026d0
Event: 5.831 Thread 0x0000012a63c84cd0 Thread exited: 0x0000012a63c84cd0
Event: 5.991 Thread 0x0000012a63b03a80 Thread added: 0x0000012a63b03a80
Event: 5.992 Thread 0x0000012a63b04e30 Thread added: 0x0000012a63b04e30
Event: 5.995 Thread 0x0000012a63b04110 Thread added: 0x0000012a63b04110
Event: 5.996 Thread 0x0000012a63b047a0 Thread added: 0x0000012a63b047a0
Event: 6.148 Thread 0x0000012a64df3430 Thread added: 0x0000012a64df3430
Event: 10.868 Thread 0x0000012a64df3430 Thread exited: 0x0000012a64df3430
Event: 14.427 Thread 0x0000012a63b033f0 Thread exited: 0x0000012a63b033f0


Dynamic libraries:
0x00007ff7a9e80000 - 0x00007ff7a9e8e000 	E:\xavier data\Software Testing\Java and eclipse\Eclipse\Extarct eclipse\eclipse\plugins\org.eclipse.justj.openjdk.hotspot.jre.full.win32.x86_64_21.0.3.v20240426-1530\jre\bin\javaw.exe
0x00007ffcfeef0000 - 0x00007ffcff0e8000 	C:\Windows\SYSTEM32\ntdll.dll
0x00007ffcfcf20000 - 0x00007ffcfcfe1000 	C:\Windows\System32\KERNEL32.DLL
0x00007ffcfc7f0000 - 0x00007ffcfcaed000 	C:\Windows\System32\KERNELBASE.dll
0x00007ffcfcba0000 - 0x00007ffcfcca0000 	C:\Windows\System32\ucrtbase.dll
0x00007ffcf9940000 - 0x00007ffcf995b000 	E:\xavier data\Software Testing\Java and eclipse\Eclipse\Extarct eclipse\eclipse\plugins\org.eclipse.justj.openjdk.hotspot.jre.full.win32.x86_64_21.0.3.v20240426-1530\jre\bin\VCRUNTIME140.dll
0x00007ffcf5580000 - 0x00007ffcf5598000 	E:\xavier data\Software Testing\Java and eclipse\Eclipse\Extarct eclipse\eclipse\plugins\org.eclipse.justj.openjdk.hotspot.jre.full.win32.x86_64_21.0.3.v20240426-1530\jre\bin\jli.dll
0x00007ffcfe370000 - 0x00007ffcfe50d000 	C:\Windows\System32\USER32.dll
0x00007ffce4fd0000 - 0x00007ffce526a000 	C:\Windows\WinSxS\amd64_microsoft.windows.common-controls_6595b64144ccf1df_6.0.19041.4355_none_60b8b9eb71f62e16\COMCTL32.dll
0x00007ffcfc770000 - 0x00007ffcfc792000 	C:\Windows\System32\win32u.dll
0x00007ffcfe180000 - 0x00007ffcfe21e000 	C:\Windows\System32\msvcrt.dll
0x00007ffcfe090000 - 0x00007ffcfe0bb000 	C:\Windows\System32\GDI32.dll
0x00007ffcfce00000 - 0x00007ffcfcf17000 	C:\Windows\System32\gdi32full.dll
0x00007ffcfc6d0000 - 0x00007ffcfc76d000 	C:\Windows\System32\msvcp_win.dll
0x00007ffcfcff0000 - 0x00007ffcfd01f000 	C:\Windows\System32\IMM32.DLL
0x00007ffcf9910000 - 0x00007ffcf991c000 	E:\xavier data\Software Testing\Java and eclipse\Eclipse\Extarct eclipse\eclipse\plugins\org.eclipse.justj.openjdk.hotspot.jre.full.win32.x86_64_21.0.3.v20240426-1530\jre\bin\vcruntime140_1.dll
0x00007ffce08d0000 - 0x00007ffce095e000 	E:\xavier data\Software Testing\Java and eclipse\Eclipse\Extarct eclipse\eclipse\plugins\org.eclipse.justj.openjdk.hotspot.jre.full.win32.x86_64_21.0.3.v20240426-1530\jre\bin\msvcp140.dll
0x00007ffc97a10000 - 0x00007ffc98792000 	E:\xavier data\Software Testing\Java and eclipse\Eclipse\Extarct eclipse\eclipse\plugins\org.eclipse.justj.openjdk.hotspot.jre.full.win32.x86_64_21.0.3.v20240426-1530\jre\bin\server\jvm.dll
0x00007ffcfddc0000 - 0x00007ffcfde70000 	C:\Windows\System32\ADVAPI32.dll
0x00007ffcfece0000 - 0x00007ffcfed80000 	C:\Windows\System32\sechost.dll
0x00007ffcfe240000 - 0x00007ffcfe363000 	C:\Windows\System32\RPCRT4.dll
0x00007ffcfc630000 - 0x00007ffcfc657000 	C:\Windows\System32\bcrypt.dll
0x00007ffcfdf50000 - 0x00007ffcfdfbb000 	C:\Windows\System32\WS2_32.dll
0x00007ffcfc3f0000 - 0x00007ffcfc43b000 	C:\Windows\SYSTEM32\POWRPROF.dll
0x00007ffcda9d0000 - 0x00007ffcda9f7000 	C:\Windows\SYSTEM32\WINMM.dll
0x00007ffcf6b60000 - 0x00007ffcf6b6a000 	C:\Windows\SYSTEM32\VERSION.dll
0x00007ffcfc3d0000 - 0x00007ffcfc3e2000 	C:\Windows\SYSTEM32\UMPDC.dll
0x00007ffcfa420000 - 0x00007ffcfa432000 	C:\Windows\SYSTEM32\kernel.appcore.dll
0x00007ffcf98d0000 - 0x00007ffcf98da000 	E:\xavier data\Software Testing\Java and eclipse\Eclipse\Extarct eclipse\eclipse\plugins\org.eclipse.justj.openjdk.hotspot.jre.full.win32.x86_64_21.0.3.v20240426-1530\jre\bin\jimage.dll
0x00007ffceabd0000 - 0x00007ffceadb4000 	C:\Windows\SYSTEM32\DBGHELP.DLL
0x00007ffcea6e0000 - 0x00007ffcea714000 	C:\Windows\SYSTEM32\dbgcore.DLL
0x00007ffcfc5a0000 - 0x00007ffcfc622000 	C:\Windows\System32\bcryptPrimitives.dll
0x00007ffcec480000 - 0x00007ffcec49f000 	E:\xavier data\Software Testing\Java and eclipse\Eclipse\Extarct eclipse\eclipse\plugins\org.eclipse.justj.openjdk.hotspot.jre.full.win32.x86_64_21.0.3.v20240426-1530\jre\bin\java.dll
0x00007ffcebc60000 - 0x00007ffcebc78000 	E:\xavier data\Software Testing\Java and eclipse\Eclipse\Extarct eclipse\eclipse\plugins\org.eclipse.justj.openjdk.hotspot.jre.full.win32.x86_64_21.0.3.v20240426-1530\jre\bin\zip.dll
0x00007ffcfe510000 - 0x00007ffcfec7f000 	C:\Windows\System32\SHELL32.dll
0x00007ffcfa620000 - 0x00007ffcfadbf000 	C:\Windows\SYSTEM32\windows.storage.dll
0x00007ffcfd250000 - 0x00007ffcfd5a3000 	C:\Windows\System32\combase.dll
0x00007ffcfbef0000 - 0x00007ffcfbf1e000 	C:\Windows\SYSTEM32\Wldp.dll
0x00007ffcfdfc0000 - 0x00007ffcfe08d000 	C:\Windows\System32\OLEAUT32.dll
0x00007ffcfdd10000 - 0x00007ffcfddbd000 	C:\Windows\System32\SHCORE.dll
0x00007ffcfd0d0000 - 0x00007ffcfd125000 	C:\Windows\System32\shlwapi.dll
0x00007ffcfc4d0000 - 0x00007ffcfc4f4000 	C:\Windows\SYSTEM32\profapi.dll
0x00007ffcf7df0000 - 0x00007ffcf7e00000 	E:\xavier data\Software Testing\Java and eclipse\Eclipse\Extarct eclipse\eclipse\plugins\org.eclipse.justj.openjdk.hotspot.jre.full.win32.x86_64_21.0.3.v20240426-1530\jre\bin\net.dll
0x00007ffcf5940000 - 0x00007ffcf5a4d000 	C:\Windows\SYSTEM32\WINHTTP.dll
0x00007ffcfbc50000 - 0x00007ffcfbcba000 	C:\Windows\system32\mswsock.dll
0x00007ffce7a90000 - 0x00007ffce7aa6000 	E:\xavier data\Software Testing\Java and eclipse\Eclipse\Extarct eclipse\eclipse\plugins\org.eclipse.justj.openjdk.hotspot.jre.full.win32.x86_64_21.0.3.v20240426-1530\jre\bin\nio.dll
0x00007ffcf55d0000 - 0x00007ffcf55e0000 	E:\xavier data\Software Testing\Java and eclipse\Eclipse\Extarct eclipse\eclipse\plugins\org.eclipse.justj.openjdk.hotspot.jre.full.win32.x86_64_21.0.3.v20240426-1530\jre\bin\verify.dll
0x00007ffcfb970000 - 0x00007ffcfba3a000 	C:\Windows\SYSTEM32\DNSAPI.dll
0x00007ffcfb930000 - 0x00007ffcfb96b000 	C:\Windows\SYSTEM32\IPHLPAPI.DLL
0x00007ffcfee00000 - 0x00007ffcfee08000 	C:\Windows\System32\NSI.dll
0x00007ffcecda0000 - 0x00007ffcecdaa000 	C:\Windows\System32\rasadhlp.dll
0x00007ffcecdc0000 - 0x00007ffcece40000 	C:\Windows\System32\fwpuclnt.dll
0x00007ffcf9bd0000 - 0x00007ffcf9bd9000 	E:\xavier data\Software Testing\Java and eclipse\Eclipse\Extarct eclipse\eclipse\plugins\org.eclipse.justj.openjdk.hotspot.jre.full.win32.x86_64_21.0.3.v20240426-1530\jre\bin\extnet.dll
0x00007ffcfbe50000 - 0x00007ffcfbe68000 	C:\Windows\SYSTEM32\CRYPTSP.dll
0x00007ffcfb570000 - 0x00007ffcfb5a4000 	C:\Windows\system32\rsaenh.dll
0x00007ffcfc480000 - 0x00007ffcfc4ae000 	C:\Windows\SYSTEM32\USERENV.dll
0x00007ffcfbe40000 - 0x00007ffcfbe4c000 	C:\Windows\SYSTEM32\CRYPTBASE.dll
0x00007ffcf7ec0000 - 0x00007ffcf7ece000 	E:\xavier data\Software Testing\Java and eclipse\Eclipse\Extarct eclipse\eclipse\plugins\org.eclipse.justj.openjdk.hotspot.jre.full.win32.x86_64_21.0.3.v20240426-1530\jre\bin\sunmscapi.dll
0x00007ffcfcca0000 - 0x00007ffcfcdfe000 	C:\Windows\System32\CRYPT32.dll
0x00007ffcfbf60000 - 0x00007ffcfbf89000 	C:\Windows\SYSTEM32\ncrypt.dll
0x00007ffcfbf20000 - 0x00007ffcfbf5b000 	C:\Windows\SYSTEM32\NTASN1.dll
0x00007ffcf8b90000 - 0x00007ffcf8b97000 	C:\Windows\system32\wshunix.dll

dbghelp: loaded successfully - version: 4.0.5 - missing functions: none
symbol engine: initialized successfully - sym options: 0x614 - pdb path: .;E:\xavier data\Software Testing\Java and eclipse\Eclipse\Extarct eclipse\eclipse\plugins\org.eclipse.justj.openjdk.hotspot.jre.full.win32.x86_64_21.0.3.v20240426-1530\jre\bin;C:\Windows\SYSTEM32;C:\Windows\WinSxS\amd64_microsoft.windows.common-controls_6595b64144ccf1df_6.0.19041.4355_none_60b8b9eb71f62e16;E:\xavier data\Software Testing\Java and eclipse\Eclipse\Extarct eclipse\eclipse\plugins\org.eclipse.justj.openjdk.hotspot.jre.full.win32.x86_64_21.0.3.v20240426-1530\jre\bin\server

VM Arguments:
jvm_args: -ea -Dfile.encoding=UTF-8 -Dstdout.encoding=UTF-8 -Dstderr.encoding=UTF-8 -XX:+ShowCodeDetailsInExceptionMessages 
java_command: org.testng.remote.RemoteTestNG -serport 62430 -protocol json -d C:\Users\HP\eclipse-workspace\WebApplication_Test_Automation_Project\test-output C:\Users\HP\AppData\Local\Temp\testng-eclipse--1971764806\testng-customsuite.xml
java_class_path (initial): E:\xavier data\Software Testing\Java and eclipse\Eclipse\Extarct eclipse\eclipse\configuration\org.eclipse.osgi\595\0\.cp\lib\testng-remote.jar;C:\Users\HP\eclipse-workspace\WebApplication_Test_Automation_Project\target\test-classes;C:\Users\HP\eclipse-workspace\WebApplication_Test_Automation_Project\target\classes;C:\Users\HP\.m2\repository\org\seleniumhq\selenium\selenium-java\4.22.0\selenium-java-4.22.0.jar;C:\Users\HP\.m2\repository\org\seleniumhq\selenium\selenium-api\4.22.0\selenium-api-4.22.0.jar;C:\Users\HP\.m2\repository\org\seleniumhq\selenium\selenium-chrome-driver\4.22.0\selenium-chrome-driver-4.22.0.jar;C:\Users\HP\.m2\repository\com\google\auto\service\auto-service-annotations\1.1.1\auto-service-annotations-1.1.1.jar;C:\Users\HP\.m2\repository\org\seleniumhq\selenium\selenium-chromium-driver\4.22.0\selenium-chromium-driver-4.22.0.jar;C:\Users\HP\.m2\repository\org\seleniumhq\selenium\selenium-json\4.22.0\selenium-json-4.22.0.jar;C:\Users\HP\.m2\repository\org\seleniumhq\selenium\selenium-manager\4.22.0\selenium-manager-4.22.0.jar;C:\Users\HP\.m2\repository\org\seleniumhq\selenium\selenium-devtools-v124\4.22.0\selenium-devtools-v124-4.22.0.jar;C:\Users\HP\.m2\repository\org\seleniumhq\selenium\selenium-devtools-v125\4.22.0\selenium-devtools-v125-4.22.0.jar;C:\Users\HP\.m2\repository\org\seleniumhq\selenium\selenium-devtools-v126\4.22.0\selenium-devtools-v126-4.22.0.jar;C:\Users\HP\.m2\repository\org\seleniumhq\selenium\selenium-devtools-v85\4.22.0\selenium-devtools-v85-4.22.0.jar;C:\Users\HP\.m2\repository\org\seleniumhq\selenium\selenium-edge-driver\4.22.0\selenium-edge-driver-4.22.0.jar;C:\Users\HP\.m2\repository\org\seleniumhq\selenium\selenium-firefox-driver\4.22.0\selenium-firefox-driver-4.22.0.jar;C:\Users\HP\.m2\repository\org\seleniumhq\selenium\selenium-http\4.22.0\selenium-http-4.22.0.jar;C:\Users\HP\.m2\repository\dev\failsafe\failsafe\3.3.2\failsafe-3.3.2.jar;C:\Users\HP\.m2\repository\org\seleniumhq\selenium\selenium-ie-driver\4.22.0\selenium-ie-driver-4.22.0.jar;C:\Users\HP\.m2\repository\org\seleniumhq\selenium\selenium-remote-driver\4.22.0\selenium-remote-driver-4.22.0.jar;C:\Users\HP\.m2\repository\com\google\guava\guava\33.2.1-jre\guava-33.2.1-jre.jar;C:\Users\HP\.m2\repository\com\google\guava\failureaccess\1.0.2\failureaccess-1.0.2.jar;C:\Users\HP\.m2\repository\com\google\guava\listenablefuture\9999.0-empty-to-avoid-conflict-with-guava\listenablefuture-9999.0-empty-to-avoid-conflict-with-guava.jar;C:\Users\HP\.m2\repository\com\google\code\findbugs\jsr305\3.0.2\jsr305-3.0.2.jar;C:\Users\HP\.m2\repository\org\checkerframework\checker-qual\3.42.0\checker-qual-3.42.0.jar;C:\Users\HP\.m2\repository\com\google\errorprone\error_prone_annotations\2.26.1\error_prone_annotations-2.26.1.jar;C:\Users\HP\.m2\repository\com\google\j2objc\j2objc-annotations\3.0.0\j2objc-annotations-3.0.0.jar;C:\Users\HP\.m2\repository\io\opentelemetry\semconv\opentelemetry-semconv\1.25.0-alpha\opentelemetry-semconv-1.25.0-alpha.jar;C:\Users\HP\.m2\repository\io\opentelemetry\opentelemetry-api\1.39.0\opentelemetry-api-1.39.0.jar;C:\Users\HP\.m2\repository\io\opentelemetry\opentelemetry-context\1.39.0\opentelemetry-context-1.39.0.jar;C:\Users\HP\.m2\repository\io\opentelemetry\opentelemetry-exporter-logging\1.39.0\opentelemetry-exporter-logging-1.39.0.jar;C:\Users\HP\.m2\repository\io\opentelemetry\opentelemetry-sdk-common\1.39.0\opentelemetry-sdk-common-1.39.0.jar;C:\Users\HP\.m2\repository\io\opentelemetry\opentelemetry-sdk-extension-autoconfigure-spi\1.39.0\opentelemetry-sdk-extension-autoconfigure-spi-1.39.0.jar;C:\Users\HP\.m2\repository\io\opentelemetry\opentelemetry-sdk-extension-autoconfigure\1.39.0\opentelemetry-sdk-extension-autoconfigure-1.39.0.jar;C:\Users\HP\.m2\repository\io\opentelemetry\opentelemetry-api-incubator\1.39.0-alpha\opentelemetry-api-incubator-1.39.0-alpha.jar;C:\Users\HP\.m2\repository\io\opentelemetry\opentelemetry-sdk-trace\1.39.0\opentelemetry-sdk-trace-1.39.0.jar;C:\Users\HP\.m2\repository\io\opentelemetry\opentelemetry-sdk\1.39.0\opentelemetry-sdk-1.39.0.jar;C:\Users\HP\.m2\repository\io\opentelemetry\opentelemetry-sdk-metrics\1.39.0\opentelemetry-sdk-metrics-1.39.0.jar;C:\Users\HP\.m2\repository\io\opentelemetry\opentelemetry-sdk-logs\1.39.0\opentelemetry-sdk-logs-1.39.0.jar;C:\Users\HP\.m2\repository\net\bytebuddy\byte-buddy\1.14.17\byte-buddy-1.14.17.jar;C:\Users\HP\.m2\repository\org\seleniumhq\selenium\selenium-os\4.22.0\selenium-os-4.22.0.jar;C:\Users\HP\.m2\repository\org\apache\commons\commons-exec\1.4.0\commons-exec-1.4.0.jar;C:\Users\HP\.m2\repository\org\seleniumhq\selenium\selenium-safari-driver\4.22.0\selenium-safari-driver-4.22.0.jar;C:\Users\HP\.m2\repository\org\seleniumhq\selenium\selenium-support\4.22.0\selenium-support-4.22.0.jar;C:\Users\HP\.m2\repository\org\testng\testng\7.10.2\testng-7.10.2.jar;C:\Users\HP\.m2\repository\org\slf4j\slf4j-api\1.7.36\slf4j-api-1.7.36.jar;C:\Users\HP\.m2\repository\com\beust\jcommander\1.82\jcommander-1.82.jar;C:\Users\HP\.m2\repository\org\webjars\jquery\3.7.1\jquery-3.7.1.jar;C:\Users\HP\.m2\repository\org\apache\poi\poi\5.3.0\poi-5.3.0.jar;C:\Users\HP\.m2\repository\commons-codec\commons-codec\1.17.0\commons-codec-1.17.0.jar;C:\Users\HP\.m2\repository\org\apache\commons\commons-collections4\4.4\commons-collections4-4.4.jar;C:\Users\HP\.m2\repository\org\apache\commons\commons-math3\3.6.1\commons-math3-3.6.1.jar;C:\Users\HP\.m2\repository\commons-io\commons-io\2.16.1\commons-io-2.16.1.jar;C:\Users\HP\.m2\repository\com\zaxxer\SparseBitSet\1.3\SparseBitSet-1.3.jar;C:\Users\HP\.m2\repository\org\apache\logging\log4j\log4j-api\2.23.1\log4j-api-2.23.1.jar;C:\Users\HP\.m2\repository\org\apache\poi\poi-ooxml\5.3.0\poi-ooxml-5.3.0.jar;C:\Users\HP\.m2\repository\org\apache\poi\poi-ooxml-lite\5.3.0\poi-ooxml-lite-5.3.0.jar;C:\Users\HP\.m2\repository\org\apache\xmlbeans\xmlbeans\5.2.1\xmlbeans-5.2.1.jar;C:\Users\HP\.m2\repository\org\apache\commons\commons-compress\1.26.2\commons-compress-1.26.2.jar;C:\Users\HP\.m2\repository\org\apache\commons\commons-lang3\3.14.0\commons-lang3-3.14.0.jar;C:\Users\HP\.m2\repository\com\github\virtuald\curvesapi\1.08\curvesapi-1.08.jar
Launcher Type: SUN_STANDARD

[Global flags]
     intx CICompilerCount                          = 3                                         {product} {ergonomic}
     uint ConcGCThreads                            = 1                                         {product} {ergonomic}
     uint G1ConcRefinementThreads                  = 4                                         {product} {ergonomic}
   size_t G1HeapRegionSize                         = 1048576                                   {product} {ergonomic}
    uintx GCDrainStackTargetSize                   = 64                                        {product} {ergonomic}
   size_t InitialHeapSize                          = 67108864                                  {product} {ergonomic}
   size_t MarkStackSize                            = 4194304                                   {product} {ergonomic}
   size_t MaxHeapSize                              = 1046478848                                {product} {ergonomic}
   size_t MaxNewSize                               = 627048448                                 {product} {ergonomic}
   size_t MinHeapDeltaBytes                        = 1048576                                   {product} {ergonomic}
   size_t MinHeapSize                              = 8388608                                   {product} {ergonomic}
    uintx NonNMethodCodeHeapSize                   = 5832780                                {pd product} {ergonomic}
    uintx NonProfiledCodeHeapSize                  = 122912730                              {pd product} {ergonomic}
    uintx ProfiledCodeHeapSize                     = 122912730                              {pd product} {ergonomic}
    uintx ReservedCodeCacheSize                    = 251658240                              {pd product} {ergonomic}
     bool SegmentedCodeCache                       = true                                      {product} {ergonomic}
     bool ShowCodeDetailsInExceptionMessages       = true                                   {manageable} {command line}
   size_t SoftMaxHeapSize                          = 1046478848                             {manageable} {ergonomic}
     bool UseCompressedOops                        = true                           {product lp64_product} {ergonomic}
     bool UseG1GC                                  = true                                      {product} {ergonomic}
     bool UseLargePagesIndividualAllocation        = false                                  {pd product} {ergonomic}

Logging:
Log output configuration:
 #0: stdout all=warning uptime,level,tags foldmultilines=false
 #1: stderr all=off uptime,level,tags foldmultilines=false

Environment Variables:
PATH=E:/xavier data/Software Testing/Java and eclipse/Eclipse/Extarct eclipse/eclipse//plugins/org.eclipse.justj.openjdk.hotspot.jre.full.win32.x86_64_21.0.3.v20240426-1530/jre/bin/server;E:/xavier data/Software Testing/Java and eclipse/Eclipse/Extarct eclipse/eclipse//plugins/org.eclipse.justj.openjdk.hotspot.jre.full.win32.x86_64_21.0.3.v20240426-1530/jre/bin;C:\Program Files\Common Files\Oracle\Java\javapath;C:\Windows\system32;C:\Windows;C:\Windows\System32\Wbem;C:\Windows\System32\WindowsPowerShell\v1.0\;C:\Windows\System32\OpenSSH\;C:\Program Files (x86)\Microsoft SQL Server\160\Tools\Binn\;C:\Program Files\Microsoft SQL Server\160\Tools\Binn\;C:\Program Files\Microsoft SQL Server\Client SDK\ODBC\170\Tools\Binn\;C:\Program Files\Microsoft SQL Server\160\DTS\Binn\;C:\Program Files (x86)\Microsoft SQL Server\160\DTS\Binn\;C:\Program Files\nodejs\;C:\Program Files\Git\cmd;C:\Users\HP\AppData\Local\Microsoft\WindowsApps;C:\Users\HP\AppData\Roaming\npm;E:\xavier data\Software Testing\Java and eclipse\Eclipse\Extarct eclipse\eclipse;
USERNAME=HP
OS=Windows_NT
PROCESSOR_IDENTIFIER=Intel64 Family 6 Model 78 Stepping 3, GenuineIntel
TMP=C:\Users\HP\AppData\Local\Temp
TEMP=C:\Users\HP\AppData\Local\Temp




Periodic native trim disabled

---------------  S Y S T E M  ---------------

OS:
 Windows 10 , 64 bit Build 19041 (10.0.19041.4717)
OS uptime: 0 days 3:47 hours

CPU: total 4 (initial active 4) (2 cores per cpu, 2 threads per core) family 6 model 78 stepping 3 microcode 0xcc, cx8, cmov, fxsr, ht, mmx, 3dnowpref, sse, sse2, sse3, ssse3, sse4.1, sse4.2, popcnt, lzcnt, tsc, tscinvbit, avx, avx2, aes, erms, clmul, bmi1, bmi2, adx, fma, vzeroupper, clflush, clflushopt, rdtscp, f16c
Processor Information for processor 0
  Max Mhz: 2000, Current Mhz: 2000, Mhz Limit: 2000
Processor Information for processor 1
  Max Mhz: 2000, Current Mhz: 1500, Mhz Limit: 2000
Processor Information for processor 2
  Max Mhz: 2000, Current Mhz: 2000, Mhz Limit: 2000
Processor Information for processor 3
  Max Mhz: 2000, Current Mhz: 2000, Mhz Limit: 2000

Memory: 4k page, system-wide physical 3986M (363M free)
TotalPageFile size 9618M (AvailPageFile size 2955M)
current process WorkingSet (physical memory assigned to process): 115M, peak: 125M
current process commit charge ("private bytes"): 143M, peak: 160M

vm_info: OpenJDK 64-Bit Server VM (21.0.3+9-LTS) for windows-amd64 JRE (21.0.3+9-LTS), built on 2024-04-16T00:00:00Z by "admin" with MS VC++ 17.7 (VS2022)

END.
