#
# A fatal error has been detected by the Java Runtime Environment:
#
#  EXCEPTION_ACCESS_VIOLATION (0xc0000005) at pc=0x00007ffcb2819405, pid=13636, tid=480
#
# JRE version: OpenJDK Runtime Environment Temurin-21.0.3+9 (21.0.3+9) (build 21.0.3+9-LTS)
# Java VM: OpenJDK 64-Bit Server VM Temurin-21.0.3+9 (21.0.3+9-LTS, mixed mode, tiered, compressed oops, compressed class ptrs, g1 gc, windows-amd64)
# Problematic frame:
# V  [jvm.dll+0x149405]
#
# No core dump will be written. Minidumps are not enabled by default on client versions of Windows
#
# If you would like to submit a bug report, please visit:
#   https://github.com/adoptium/adoptium-support/issues
#

---------------  S U M M A R Y ------------

Command Line: -ea -Dfile.encoding=UTF-8 -Dstdout.encoding=UTF-8 -Dstderr.encoding=UTF-8 -XX:+ShowCodeDetailsInExceptionMessages org.testng.remote.RemoteTestNG -serport 64707 -protocol json -d C:\Users\HP\eclipse-workspace\WebApplication_Test_Automation_Project\test-output C:\Users\HP\AppData\Local\Temp\testng-eclipse-829805811\testng-customsuite.xml

Host: Intel(R) Core(TM) i3-6006U CPU @ 2.00GHz, 4 cores, 3G,  Windows 10 , 64 bit Build 19041 (10.0.19041.4717)
Time: Wed Aug 28 11:16:08 2024 India Standard Time elapsed time: 41.624158 seconds (0d 0h 0m 41s)

---------------  T H R E A D  ---------------

Current thread (0x00000209d1387660):  JavaThread "main"             [_thread_in_vm, id=480, stack(0x000000d308e00000,0x000000d308f00000) (1024K)]

Stack: [0x000000d308e00000,0x000000d308f00000],  sp=0x000000d308efdeb8,  free space=1015k
Native frames: (J=compiled Java code, j=interpreted, Vv=VM code, C=native code)
V  [jvm.dll+0x149405]
C  0x00000209d1387660

Java frames: (J=compiled Java code, j=interpreted, Vv=VM code)
j  java.lang.NullPointerException.getExtendedNPEMessage()Ljava/lang/String;+0 java.base@21.0.3
j  java.lang.NullPointerException.getMessage()Ljava/lang/String;+23 java.base@21.0.3
j  java.lang.Throwable.getLocalizedMessage()Ljava/lang/String;+1 java.base@21.0.3
j  java.lang.Throwable.toString()Ljava/lang/String;+9 java.base@21.0.3
J 1705 c1 java.lang.String.valueOf(Ljava/lang/Object;)Ljava/lang/String; java.base@21.0.3 (15 bytes) @ 0x00000209d738eef4 [0x00000209d738edc0+0x0000000000000134]
j  java.io.PrintWriter.println(Ljava/lang/Object;)V+1 java.base@21.0.3
j  java.lang.Throwable$WrappedPrintWriter.println(Ljava/lang/Object;)V+5 java.base@21.0.3
j  java.lang.Throwable.lockedPrintStackTrace(Ljava/lang/Throwable$PrintStreamOrWriter;)V+21 java.base@21.0.3
j  java.lang.Throwable.printStackTrace(Ljava/lang/Throwable$PrintStreamOrWriter;)V+52 java.base@21.0.3
j  java.lang.Throwable.printStackTrace(Ljava/io/PrintWriter;)V+9 java.base@21.0.3
j  org.testng.remote.strprotocol.TestResultMessage.<init>(Ljava/lang/String;Ljava/lang/String;Lorg/testng/ITestResult;)V+85
j  org.testng.remote.strprotocol.TestResultMessage.<init>(Lorg/testng/ITestContext;Lorg/testng/ITestResult;)V+22
j  org.testng.remote.strprotocol.RemoteTestListener1.onTestFailure(Lorg/testng/ITestResult;)V+55
j  org.testng.internal.TestListenerHelper.runTestListeners(Lorg/testng/ITestResult;Ljava/util/List;)V+123
j  org.testng.internal.invokers.TestInvoker.runTestResultListener(Lorg/testng/ITestResult;)V+69
j  org.testng.internal.invokers.TestInvoker.invokeMethod(Lorg/testng/internal/invokers/TestMethodArguments;Lorg/testng/xml/XmlSuite;Lorg/testng/internal/invokers/ITestInvoker$FailureContext;)Lorg/testng/ITestResult;+1603
j  org.testng.internal.invokers.TestInvoker.invokeTestMethod(Lorg/testng/internal/invokers/TestMethodArguments;Lorg/testng/xml/XmlSuite;Lorg/testng/internal/invokers/ITestInvoker$FailureContext;)Lorg/testng/ITestResult;+16
j  org.testng.internal.invokers.MethodRunner.runInSequence(Lorg/testng/internal/invokers/TestMethodArguments;Lorg/testng/internal/invokers/ITestInvoker;Lorg/testng/ITestContext;Ljava/util/concurrent/atomic/AtomicInteger;Lorg/testng/internal/invokers/ITestInvoker$FailureContext;Ljava/util/Iterator;Z)Ljava/util/List;+127
j  org.testng.internal.invokers.TestInvoker$MethodInvocationAgent.invoke(I)I+384
j  org.testng.internal.invokers.TestInvoker.invokeTestMethods(Lorg/testng/ITestNGMethod;Lorg/testng/internal/ConfigurationGroupMethods;Ljava/lang/Object;Lorg/testng/ITestContext;)Ljava/util/List;+571
j  org.testng.internal.invokers.TestMethodWorker.invokeTestMethods(Lorg/testng/ITestNGMethod;Ljava/lang/Object;)V+14
j  org.testng.internal.invokers.TestMethodWorker.run()V+162
j  org.testng.TestRunner$$Lambda+0x000000010019d000.accept(Ljava/lang/Object;)V+7
j  java.util.ArrayList.forEach(Ljava/util/function/Consumer;)V+46 java.base@21.0.3
j  org.testng.TestRunner.privateRun(Lorg/testng/xml/XmlTest;)V+322
j  org.testng.TestRunner.run()V+11
j  org.testng.SuiteRunner.runTest(Lorg/testng/TestRunner;)V+21
j  org.testng.SuiteRunner.runSequentially()V+31
j  org.testng.SuiteRunner.privateRun()V+341
j  org.testng.SuiteRunner.run()V+6
j  org.testng.SuiteRunnerWorker.runSuite(Lorg/testng/internal/invokers/SuiteRunnerMap;Lorg/testng/xml/XmlSuite;)V+56
j  org.testng.SuiteRunnerWorker.run()V+12
j  org.testng.TestNG.runSuitesSequentially(Lorg/testng/xml/XmlSuite;Lorg/testng/internal/invokers/SuiteRunnerMap;ILjava/lang/String;)V+66
j  org.testng.TestNG.runSuitesLocally()Ljava/util/List;+190
j  org.testng.TestNG.runSuites()Ljava/util/List;+1
j  org.testng.TestNG.run()V+25
j  org.testng.remote.AbstractRemoteTestNG.run()V+149
j  org.testng.remote.RemoteTestNG.initAndRun(Lorg/testng/remote/IRemoteTestNG;[Ljava/lang/String;Lorg/testng/CommandLineArgs;Lorg/testng/remote/RemoteArgs;)V+272
j  org.testng.remote.RemoteTestNG.main([Ljava/lang/String;)V+223
v  ~StubRoutines::call_stub 0x00000209de5b100d

siginfo: EXCEPTION_ACCESS_VIOLATION (0xc0000005), writing address 0x000000007c017c00


Registers:
RAX=0x000000d308efdf70, RBX=0x00000209d1387660, RCX=0x000000d308efdf70, RDX=0x00000209eb803ad8
RSP=0x000000d308efdeb8, RBP=0x000000d308efe080, RSI=0x00000000be00be00, RDI=0x000000d308efe0a0
R8 =0x0000000000000076, R9 =0x00000209eb803ad8, R10=0x0000000000000000, R11=0x0000000000000002
R12=0x0000000000000000, R13=0x00000209ea1642d0, R14=0x000000d308efe0a0, R15=0x00000209d1387660
RIP=0x00007ffcb2819405, EFLAGS=0x0000000000010206


Register to memory mapping:

RAX=0x000000d308efdf70 is pointing into the stack for thread: 0x00000209d1387660
RBX=0x00000209d1387660 is a thread
RCX=0x000000d308efdf70 is pointing into the stack for thread: 0x00000209d1387660
RDX={method} {0x00000209eb803ae0} 'register' '()V' in 'Page_package/module_book_store_app_page'
RSP=0x000000d308efdeb8 is pointing into the stack for thread: 0x00000209d1387660
RBP=0x000000d308efe080 is pointing into the stack for thread: 0x00000209d1387660
RSI=0x00000000be00be00 is an unknown value
RDI=0x000000d308efe0a0 is pointing into the stack for thread: 0x00000209d1387660
R8 =0x0000000000000076 is an unknown value
R9 ={method} {0x00000209eb803ae0} 'register' '()V' in 'Page_package/module_book_store_app_page'
R10=0x0 is null
R11=0x0000000000000002 is an unknown value
R12=0x0 is null
R13={method} {0x00000209ea1642d8} 'getExtendedNPEMessage' '()Ljava/lang/String;' in 'java/lang/NullPointerException'
R14=0x000000d308efe0a0 is pointing into the stack for thread: 0x00000209d1387660
R15=0x00000209d1387660 is a thread

Top of Stack: (sp=0x000000d308efdeb8)
0x000000d308efdeb8:   00000209d1387660 000000d308efe080
0x000000d308efdec8:   00000209d1387660 000000d308efe080
0x000000d308efded8:   00000209d1387660 000000d308efe080
0x000000d308efdee8:   00000209d1387660 000000d308efe080
0x000000d308efdef8:   00000209d1387660 000000d308efe080
0x000000d308efdf08:   00000209d1387660 000000d308efe080
0x000000d308efdf18:   00000209d1387660 000000d308efe080
0x000000d308efdf28:   00000209d1387660 000000d308efe080
0x000000d308efdf38:   00007ffcb2b49fa3 00000209d1387660
0x000000d308efdf48:   000000010005b778 000000d308efdf60
0x000000d308efdf58:   00007ffcb2d4cf39 0000020900000076
0x000000d308efdf68:   00000209eb803ad8 00007ffcb314ac18
0x000000d308efdf78:   0000000000000000 0000000000000000
0x000000d308efdf88:   0000000000000000 0000000000000000
0x000000d308efdf98:   0000000000000000 000000d308efdfb9
0x000000d308efdfa8:   0000000000000000 0000000000000030
0x000000d308efdfb8:   00000209d1380000 00000209ea1642d0
0x000000d308efdfc8:   00000209d1387660 00000209ea6a4be0
0x000000d308efdfd8:   00000209de5bcc7c 00000209ea1642d0
0x000000d308efdfe8:   00000209ea1642d0 00006d152cd03eb0
0x000000d308efdff8:   000000d308efe0a0 00000209ea6a4be0
0x000000d308efe008:   00000209de5bce0b 00000209ea1642d0
0x000000d308efe018:   000000010005b778 00000209ea1642d0
0x000000d308efe028:   000000010005b778 00000209de5bca9f
0x000000d308efe038:   000000d308efe038 00000209ea1642d0
0x000000d308efe048:   0000000000000004 00000209ea2a1b40
0x000000d308efe058:   0000000000000000 00000000c1d0c2e8
0x000000d308efe068:   00000209ea1642d0 0000000000000000
0x000000d308efe078:   000000d308efe0a0 000000d308efe108
0x000000d308efe088:   00000209de5b89c0 0000000000000000
0x000000d308efe098:   00000209de5ba39a 00000000c35e6768
0x000000d308efe0a8:   00000000c35e6768 000000062577d601 

Instructions: (pc=0x00007ffcb2819405)
0x00007ffcb2819305:   53 55 53 55 53 55 53 55 53 55 53 55 53 55 53 55
0x00007ffcb2819315:   53 55 53 55 53 55 53 55 53 55 53 55 53 55 53 55
0x00007ffcb2819325:   53 55 53 55 53 55 53 55 53 55 53 55 53 55 53 55
0x00007ffcb2819335:   53 55 53 55 53 55 53 55 53 55 53 55 53 55 53 55
0x00007ffcb2819345:   53 55 53 55 53 55 53 55 53 55 53 55 53 55 53 55
0x00007ffcb2819355:   53 55 53 55 53 55 53 55 53 55 53 55 53 55 53 55
0x00007ffcb2819365:   53 55 53 55 53 55 53 55 53 55 53 55 53 55 53 55
0x00007ffcb2819375:   53 55 53 55 53 55 53 55 53 55 53 55 53 55 53 55
0x00007ffcb2819385:   53 55 53 55 53 55 53 55 53 55 53 55 53 55 53 55
0x00007ffcb2819395:   53 55 53 55 53 55 53 55 53 55 53 55 53 55 53 55
0x00007ffcb28193a5:   53 55 53 55 53 55 53 55 53 55 53 55 53 55 53 55
0x00007ffcb28193b5:   53 55 53 55 53 55 53 55 53 55 53 55 53 55 53 55
0x00007ffcb28193c5:   53 55 53 55 53 55 53 55 53 55 53 55 53 55 53 55
0x00007ffcb28193d5:   53 55 53 55 53 55 53 55 53 55 53 55 53 55 53 55
0x00007ffcb28193e5:   53 55 53 55 53 55 53 55 53 55 53 55 53 55 53 55
0x00007ffcb28193f5:   53 55 53 55 53 55 53 55 53 55 53 be 00 be 00 be
0x00007ffcb2819405:   00 be 00 be 00 be 00 be 00 be 00 be 00 be 00 be
0x00007ffcb2819415:   00 be 00 be 00 be 00 be 00 be 00 be 00 be 00 be
0x00007ffcb2819425:   00 be 00 be 00 be 00 be 00 be 00 be 00 be 00 be
0x00007ffcb2819435:   00 be 00 be 00 be 00 be 00 be 00 be 00 be 00 be
0x00007ffcb2819445:   00 be 00 be 00 be 00 be 00 be 00 be 00 be 00 be
0x00007ffcb2819455:   00 be 00 be 00 be 00 be 00 be 00 be 00 be 00 be
0x00007ffcb2819465:   00 be 00 be 00 be 00 be 00 be 00 be 00 be 00 be
0x00007ffcb2819475:   00 be 00 be 00 be 00 be 00 be 00 be 00 be 00 be
0x00007ffcb2819485:   00 be 00 be 00 be 00 be 00 be 00 be 00 be 00 be
0x00007ffcb2819495:   00 be 00 be 00 be 00 be 00 be 00 be 00 be 00 be
0x00007ffcb28194a5:   00 be 00 be 00 be 00 be 00 be 00 be 00 be 00 be
0x00007ffcb28194b5:   00 be 00 be 00 be 00 be 00 be 00 be 00 be 00 be
0x00007ffcb28194c5:   00 be 00 be 00 be 00 be 00 be 00 be 00 be 00 be
0x00007ffcb28194d5:   00 be 00 be 00 be 00 be 00 be 00 be 00 be 00 be
0x00007ffcb28194e5:   00 be 00 be 00 be 00 be 00 be 00 be 00 be 00 be
0x00007ffcb28194f5:   00 be 00 be 00 be 00 be 00 be 00 be 00 be 00 be 


Stack slot to memory mapping:

stack at sp + 0 slots: 0x00000209d1387660 is a thread
stack at sp + 1 slots: 0x000000d308efe080 is pointing into the stack for thread: 0x00000209d1387660
stack at sp + 2 slots: 0x00000209d1387660 is a thread
stack at sp + 3 slots: 0x000000d308efe080 is pointing into the stack for thread: 0x00000209d1387660
stack at sp + 4 slots: 0x00000209d1387660 is a thread
stack at sp + 5 slots: 0x000000d308efe080 is pointing into the stack for thread: 0x00000209d1387660
stack at sp + 6 slots: 0x00000209d1387660 is a thread
stack at sp + 7 slots: 0x000000d308efe080 is pointing into the stack for thread: 0x00000209d1387660


Compiled method (c1)   41760 1705       3       java.lang.String::valueOf (15 bytes)
 total in heap  [0x00000209d738ec10,0x00000209d738f048] = 1080
 relocation     [0x00000209d738ed70,0x00000209d738edb8] = 72
 main code      [0x00000209d738edc0,0x00000209d738ef78] = 440
 stub code      [0x00000209d738ef78,0x00000209d738efc0] = 72
 metadata       [0x00000209d738efc0,0x00000209d738efc8] = 8
 scopes data    [0x00000209d738efc8,0x00000209d738efe0] = 24
 scopes pcs     [0x00000209d738efe0,0x00000209d738f030] = 80
 dependencies   [0x00000209d738f030,0x00000209d738f038] = 8
 nul chk table  [0x00000209d738f038,0x00000209d738f048] = 16

[Constant Pool (empty)]

[MachCode]
[Verified Entry Point]
  # {method} {0x00000209ea00fc90} 'valueOf' '(Ljava/lang/Object;)Ljava/lang/String;' in 'java/lang/String'
  # parm0:    rdx:rdx   = 'java/lang/Object'
  #           [sp+0x30]  (sp of caller)
  0x00000209d738edc0: 8984 2400 | 80ff ff55 | 4883 ec20 | 4181 7f20 | 0300 0000 

  0x00000209d738edd4: ;   {runtime_call StubRoutines (final stubs)}
  0x00000209d738edd4: 7405 e845 

  0x00000209d738edd8: ;   {metadata(method data for {method} {0x00000209ea00fc90} 'valueOf' '(Ljava/lang/Object;)Ljava/lang/String;' in 'java/lang/String')}
  0x00000209d738edd8: 5f25 0748 | bee0 4b6a | ea09 0200 | 008b becc | 0000 0083 | c702 89be | cc00 0000 | 81e7 fe07 
  0x00000209d738edf8: 0000 85ff | 0f84 1301 | 0000 4885 

  0x00000209d738ee04: ;   {metadata(method data for {method} {0x00000209ea00fc90} 'valueOf' '(Ljava/lang/Object;)Ljava/lang/String;' in 'java/lang/String')}
  0x00000209d738ee04: d248 bee0 | 4b6a ea09 | 0200 0048 | bf10 0100 | 0000 0000 | 0075 0a48 | bf20 0100 | 0000 0000 
  0x00000209d738ee24: 0048 8b1c | 3e48 8d5b | 0148 891c | 3e0f 851f 

  0x00000209d738ee34: ;   {metadata(method data for {method} {0x00000209ea00fc90} 'valueOf' '(Ljava/lang/Object;)Ljava/lang/String;' in 'java/lang/String')}
  0x00000209d738ee34: 0000 0048 | bae0 4b6a | ea09 0200 | 00ff 8230 

  0x00000209d738ee44: ;   {oop("null"{0x00000000c1d200c0})}
  0x00000209d738ee44: 0100 0048 | bec0 00d2 | c100 0000 | 00e9 a900 | 0000 483b | 0248 8bf2 

  0x00000209d738ee5c: ;   {metadata(method data for {method} {0x00000209ea00fc90} 'valueOf' '(Ljava/lang/Object;)Ljava/lang/String;' in 'java/lang/String')}
  0x00000209d738ee5c: 48bf e04b | 6aea 0902 | 0000 8b76 | 0848 c1e6 | 0348 3bb7 | 5801 0000 | 750d 4883 | 8760 0100 
  0x00000209d738ee7c: 0001 e960 | 0000 0048 | 3bb7 6801 | 0000 750d | 4883 8770 | 0100 0001 | e94a 0000 | 0048 83bf 
  0x00000209d738ee9c: 5801 0000 | 0075 1748 | 89b7 5801 | 0000 48c7 | 8760 0100 | 0001 0000 | 00e9 2900 | 0000 4883 
  0x00000209d738eebc: bf68 0100 | 0000 7517 | 4889 b768 | 0100 0048 | c787 7001 | 0000 0100 | 0000 e908 | 0000 0048 
  0x00000209d738eedc: 8387 4801 | 0000 0166 | 9048 b8ff | ffff ffff 

  0x00000209d738eeec: ;   {virtual_call}
  0x00000209d738eeec: ffff ffe8 

  0x00000209d738eef0: ; ImmutableOopMap {}
                      ;*invokevirtual toString {reexecute=0 rethrow=0 return_oop=0}
                      ; - java.lang.String::valueOf@11 (line 4465)
  0x00000209d738eef0: 2402 3407 

  0x00000209d738eef4: ;   {other}
  0x00000209d738eef4: 0f1f 8400 | e402 0000 | 488b f048 | 8bc6 4883 

  0x00000209d738ef04: ;   {poll_return}
  0x00000209d738ef04: c420 5d49 | 3ba7 5004 | 0000 0f87 | 2700 0000 

  0x00000209d738ef14: ;   {metadata({method} {0x00000209ea00fc90} 'valueOf' '(Ljava/lang/Object;)Ljava/lang/String;' in 'java/lang/String')}
  0x00000209d738ef14: c349 ba88 | fc00 ea09 | 0200 004c | 8954 2408 | 48c7 0424 | ffff ffff 

  0x00000209d738ef2c: ;   {runtime_call counter_overflow Runtime1 stub}
  0x00000209d738ef2c: e84f 5a33 

  0x00000209d738ef30: ; ImmutableOopMap {rdx=Oop }
                      ;*synchronization entry
                      ; - java.lang.String::valueOf@-1 (line 4465)
  0x00000209d738ef30: 07e9 ccfe 

  0x00000209d738ef34: ;   {runtime_call throw_null_pointer_exception Runtime1 stub}
  0x00000209d738ef34: ffff e8c5 

  0x00000209d738ef38: ; ImmutableOopMap {rdx=Oop }
                      ;*invokevirtual toString {reexecute=0 rethrow=0 return_oop=0}
                      ; - java.lang.String::valueOf@11 (line 4465)
                      ;   {internal_word}
  0x00000209d738ef38: 0533 0749 | ba07 ef38 | d709 0200 | 004d 8997 | 6804 0000 

  0x00000209d738ef4c: ;   {runtime_call SafepointBlob}
  0x00000209d738ef4c: e9af 6727 | 0749 8b87 | 0005 0000 | 49c7 8700 | 0500 0000 | 0000 0049 | c787 0805 | 0000 0000 
  0x00000209d738ef6c: 0000 4883 

  0x00000209d738ef70: ;   {runtime_call unwind_exception Runtime1 stub}
  0x00000209d738ef70: c420 5de9 | 88f6 3207 
[Stub Code]
  0x00000209d738ef78: ;   {no_reloc}
  0x00000209d738ef78: 0f1f 4400 

  0x00000209d738ef7c: ;   {static_stub}
  0x00000209d738ef7c: 0048 bb00 | 0000 0000 

  0x00000209d738ef84: ;   {runtime_call}
  0x00000209d738ef84: 0000 00e9 | fbff ffff 
[Exception Handler]
  0x00000209d738ef8c: ;   {runtime_call handle_exception_from_callee Runtime1 stub}
  0x00000209d738ef8c: e86f 2333 

  0x00000209d738ef90: ;   {external_word}
  0x00000209d738ef90: 0748 b970 | e00b b3fc | 7f00 0048 

  0x00000209d738ef9c: ;   {runtime_call}
  0x00000209d738ef9c: 83e4 f048 | b860 f6ce | b2fc 7f00 | 00ff d0f4 
[Deopt Handler Code]
  0x00000209d738efac: ;   {section_word}
  0x00000209d738efac: 49ba acef | 38d7 0902 | 0000 4152 

  0x00000209d738efb8: ;   {runtime_call DeoptimizationBlob}
  0x00000209d738efb8: e9e3 5927 | 07f4 f4f4 
[/MachCode]


---------------  P R O C E S S  ---------------

Threads class SMR info:
_java_thread_list=0x00000209ee544870, length=25, elements={
0x00000209d1387660, 0x00000209e9a68990, 0x00000209e9a69900, 0x00000209e992cf80,
0x00000209e992d5f0, 0x00000209e992e400, 0x00000209e9938ff0, 0x00000209e993e5c0,
0x00000209e9941420, 0x00000209e9c0d4c0, 0x00000209e9c1ed30, 0x00000209ee3307f0,
0x00000209eec567a0, 0x00000209ef538530, 0x00000209ef7cdcf0, 0x00000209ef7ce360,
0x00000209ef1e6960, 0x00000209ef1e6fd0, 0x00000209eeda3b80, 0x00000209eeda0700,
0x00000209eeda0d90, 0x00000209eeda1420, 0x00000209eeda27d0, 0x00000209eeda34f0,
0x00000209eeda2140
}

Java Threads: ( => current thread )
=>0x00000209d1387660 JavaThread "main"                              [_thread_in_vm, id=480, stack(0x000000d308e00000,0x000000d308f00000) (1024K)]
  0x00000209e9a68990 JavaThread "Reference Handler"          daemon [_thread_blocked, id=13720, stack(0x000000d309600000,0x000000d309700000) (1024K)]
  0x00000209e9a69900 JavaThread "Finalizer"                  daemon [_thread_blocked, id=6696, stack(0x000000d309700000,0x000000d309800000) (1024K)]
  0x00000209e992cf80 JavaThread "Signal Dispatcher"          daemon [_thread_blocked, id=8460, stack(0x000000d309800000,0x000000d309900000) (1024K)]
  0x00000209e992d5f0 JavaThread "Attach Listener"            daemon [_thread_blocked, id=8632, stack(0x000000d309900000,0x000000d309a00000) (1024K)]
  0x00000209e992e400 JavaThread "Service Thread"             daemon [_thread_blocked, id=2252, stack(0x000000d309a00000,0x000000d309b00000) (1024K)]
  0x00000209e9938ff0 JavaThread "Monitor Deflation Thread"   daemon [_thread_blocked, id=15636, stack(0x000000d309b00000,0x000000d309c00000) (1024K)]
  0x00000209e993e5c0 JavaThread "C2 CompilerThread0"         daemon [_thread_blocked, id=6044, stack(0x000000d309c00000,0x000000d309d00000) (1024K)]
  0x00000209e9941420 JavaThread "C1 CompilerThread0"         daemon [_thread_blocked, id=5752, stack(0x000000d309d00000,0x000000d309e00000) (1024K)]
  0x00000209e9c0d4c0 JavaThread "Notification Thread"        daemon [_thread_blocked, id=14464, stack(0x000000d309e00000,0x000000d309f00000) (1024K)]
  0x00000209e9c1ed30 JavaThread "Common-Cleaner"             daemon [_thread_blocked, id=16144, stack(0x000000d309f00000,0x000000d30a000000) (1024K)]
  0x00000209ee3307f0 JavaThread "ReaderThread"                      [_thread_in_native, id=6520, stack(0x000000d30a200000,0x000000d30a300000) (1024K)]
  0x00000209eec567a0 JavaThread "ForkJoinPool.commonPool-worker-1" daemon [_thread_blocked, id=8124, stack(0x000000d30a000000,0x000000d30a100000) (1024K)]
  0x00000209ef538530 JavaThread "HttpClient-1-SelectorManager" daemon [_thread_in_native, id=6436, stack(0x000000d30a700000,0x000000d30a800000) (1024K)]
  0x00000209ef7cdcf0 JavaThread "External Process Output Forwarder - C:\Users\HP\.cache\selenium\chromedriver\win64\127.0.6533.119\chromedriver.exe" daemon [_thread_in_native, id=10328, stack(0x000000d30a800000,0x000000d30a900000) (1024K)]
  0x00000209ef7ce360 JavaThread "Driver Service Executor"    daemon [_thread_blocked, id=15036, stack(0x000000d30a900000,0x000000d30aa00000) (1024K)]
  0x00000209ef1e6960 JavaThread "Driver Service Executor"    daemon [_thread_blocked, id=9360, stack(0x000000d30aa00000,0x000000d30ab00000) (1024K)]
  0x00000209ef1e6fd0 JavaThread "UrlChecker-2"               daemon [_thread_blocked, id=7700, stack(0x000000d30ab00000,0x000000d30ac00000) (1024K)]
  0x00000209eeda3b80 JavaThread "JdkHttpClient-0-0"          daemon [_thread_blocked, id=11100, stack(0x000000d30ac00000,0x000000d30ad00000) (1024K)]
  0x00000209eeda0700 JavaThread "JdkHttpClient-0-1"          daemon [_thread_blocked, id=15292, stack(0x000000d30ad00000,0x000000d30ae00000) (1024K)]
  0x00000209eeda0d90 JavaThread "JdkHttpClient-0-2"          daemon [_thread_blocked, id=9816, stack(0x000000d30ae00000,0x000000d30af00000) (1024K)]
  0x00000209eeda1420 JavaThread "HttpClient-2-SelectorManager" daemon [_thread_in_native, id=9828, stack(0x000000d30af00000,0x000000d30b000000) (1024K)]
  0x00000209eeda27d0 JavaThread "JdkHttpClient-1-0"          daemon [_thread_blocked, id=14040, stack(0x000000d30b000000,0x000000d30b100000) (1024K)]
  0x00000209eeda34f0 JavaThread "JdkHttpClient-1-1"          daemon [_thread_blocked, id=8748, stack(0x000000d30b100000,0x000000d30b200000) (1024K)]
  0x00000209eeda2140 JavaThread "JdkHttpClient-1-2"          daemon [_thread_blocked, id=13072, stack(0x000000d30b200000,0x000000d30b300000) (1024K)]
Total: 25

Other Threads:
  0x00000209e989ee40 VMThread "VM Thread"                           [id=1792, stack(0x000000d309500000,0x000000d309600000) (1024K)]
  0x00000209e986ae40 WatcherThread "VM Periodic Task Thread"        [id=4160, stack(0x000000d309400000,0x000000d309500000) (1024K)]
  0x00000209d35afa40 WorkerThread "GC Thread#0"                     [id=644, stack(0x000000d308f00000,0x000000d309000000) (1024K)]
  0x00000209ee689f20 WorkerThread "GC Thread#1"                     [id=7908, stack(0x000000d30a300000,0x000000d30a400000) (1024K)]
  0x00000209ee68a2c0 WorkerThread "GC Thread#2"                     [id=9028, stack(0x000000d30a400000,0x000000d30a500000) (1024K)]
  0x00000209ee3cbac0 WorkerThread "GC Thread#3"                     [id=10236, stack(0x000000d30a500000,0x000000d30a600000) (1024K)]
  0x00000209d35b9030 ConcurrentGCThread "G1 Main Marker"            [id=8240, stack(0x000000d309000000,0x000000d309100000) (1024K)]
  0x00000209d35b9b30 WorkerThread "G1 Conc#0"                       [id=16016, stack(0x000000d309100000,0x000000d309200000) (1024K)]
  0x00000209d360c990 ConcurrentGCThread "G1 Refine#0"               [id=15420, stack(0x000000d309200000,0x000000d309300000) (1024K)]
  0x00000209d360f130 ConcurrentGCThread "G1 Service"                [id=15572, stack(0x000000d309300000,0x000000d309400000) (1024K)]
Total: 10

Threads with active compile tasks:
Total: 0

VM state: not at safepoint (normal execution)

VM Mutex/Monitor currently owned by a thread: None

Heap address: 0x00000000c1a00000, size: 998 MB, Compressed Oops mode: 32-bit

CDS archive(s) not mapped
Compressed class space mapped at: 0x0000000100000000-0x0000000140000000, reserved size: 1073741824
Narrow klass base: 0x0000000000000000, Narrow klass shift: 3, Narrow klass range: 0x140000000

GC Precious Log:
 CardTable entry size: 512
 Card Set container configuration: InlinePtr #cards 5 size 8 Array Of Cards #cards 12 size 40 Howl #buckets 4 coarsen threshold 1843 Howl Bitmap #cards 512 size 80 coarsen threshold 460 Card regions per heap region 1 cards per card region 2048
 CPUs: 4 total, 4 available
 Memory: 3986M
 Large Page Support: Disabled
 NUMA Support: Disabled
 Compressed Oops: Enabled (32-bit)
 Heap Region Size: 1M
 Heap Min Capacity: 8M
 Heap Initial Capacity: 64M
 Heap Max Capacity: 998M
 Pre-touch: Disabled
 Parallel Workers: 4
 Concurrent Workers: 1
 Concurrent Refinement Workers: 4
 Periodic GC: Disabled

Heap:
 garbage-first heap   total 34816K, used 15756K [0x00000000c1a00000, 0x0000000100000000)
  region size 1024K, 11 young (11264K), 3 survivors (3072K)
 Metaspace       used 27231K, committed 27712K, reserved 1114112K
  class space    used 2964K, committed 3200K, reserved 1048576K

Heap Regions: E=young(eden), S=young(survivor), O=old, HS=humongous(starts), HC=humongous(continues), CS=collection set, F=free, TAMS=top-at-mark-start, PB=parsable bottom
|   0|0x00000000c1a00000, 0x00000000c1b00000, 0x00000000c1b00000|100%| O|  |TAMS 0x00000000c1a00000| PB 0x00000000c1a00000| Untracked 
|   1|0x00000000c1b00000, 0x00000000c1c00000, 0x00000000c1c00000|100%| O|  |TAMS 0x00000000c1b00000| PB 0x00000000c1b00000| Untracked 
|   2|0x00000000c1c00000, 0x00000000c1d00000, 0x00000000c1d00000|100%| O|  |TAMS 0x00000000c1c00000| PB 0x00000000c1c00000| Untracked 
|   3|0x00000000c1d00000, 0x00000000c1e00000, 0x00000000c1e00000|100%| O|  |TAMS 0x00000000c1d00000| PB 0x00000000c1d00000| Untracked 
|   4|0x00000000c1e00000, 0x00000000c1f00000, 0x00000000c1f00000|100%| O|  |TAMS 0x00000000c1e00000| PB 0x00000000c1e00000| Untracked 
|   5|0x00000000c1f00000, 0x00000000c1f51368, 0x00000000c2000000| 31%| O|Cm|TAMS 0x00000000c1f00000| PB 0x00000000c1f00000| Complete 
|   6|0x00000000c2000000, 0x00000000c2100000, 0x00000000c2100000|100%| O|  |TAMS 0x00000000c2000000| PB 0x00000000c2000000| Untracked 
|   7|0x00000000c2100000, 0x00000000c2111dd8, 0x00000000c2200000|  6%| O|  |TAMS 0x00000000c2100000| PB 0x00000000c2100000| Untracked 
|   8|0x00000000c2200000, 0x00000000c2200000, 0x00000000c2300000|  0%| F|  |TAMS 0x00000000c2200000| PB 0x00000000c2200000| Untracked 
|   9|0x00000000c2300000, 0x00000000c2300000, 0x00000000c2400000|  0%| F|  |TAMS 0x00000000c2300000| PB 0x00000000c2300000| Untracked 
|  10|0x00000000c2400000, 0x00000000c2400000, 0x00000000c2500000|  0%| F|  |TAMS 0x00000000c2400000| PB 0x00000000c2400000| Untracked 
|  11|0x00000000c2500000, 0x00000000c2600000, 0x00000000c2600000|100%| S|CS|TAMS 0x00000000c2500000| PB 0x00000000c2500000| Complete 
|  12|0x00000000c2600000, 0x00000000c2700000, 0x00000000c2700000|100%| S|CS|TAMS 0x00000000c2600000| PB 0x00000000c2600000| Complete 
|  13|0x00000000c2700000, 0x00000000c2800000, 0x00000000c2800000|100%| S|CS|TAMS 0x00000000c2700000| PB 0x00000000c2700000| Complete 
|  14|0x00000000c2800000, 0x00000000c2800000, 0x00000000c2900000|  0%| F|  |TAMS 0x00000000c2800000| PB 0x00000000c2800000| Untracked 
|  15|0x00000000c2900000, 0x00000000c2900000, 0x00000000c2a00000|  0%| F|  |TAMS 0x00000000c2900000| PB 0x00000000c2900000| Untracked 
|  16|0x00000000c2a00000, 0x00000000c2a00000, 0x00000000c2b00000|  0%| F|  |TAMS 0x00000000c2a00000| PB 0x00000000c2a00000| Untracked 
|  17|0x00000000c2b00000, 0x00000000c2b00000, 0x00000000c2c00000|  0%| F|  |TAMS 0x00000000c2b00000| PB 0x00000000c2b00000| Untracked 
|  18|0x00000000c2c00000, 0x00000000c2c00000, 0x00000000c2d00000|  0%| F|  |TAMS 0x00000000c2c00000| PB 0x00000000c2c00000| Untracked 
|  19|0x00000000c2d00000, 0x00000000c2d00000, 0x00000000c2e00000|  0%| F|  |TAMS 0x00000000c2d00000| PB 0x00000000c2d00000| Untracked 
|  20|0x00000000c2e00000, 0x00000000c2e00000, 0x00000000c2f00000|  0%| F|  |TAMS 0x00000000c2e00000| PB 0x00000000c2e00000| Untracked 
|  21|0x00000000c2f00000, 0x00000000c2f00000, 0x00000000c3000000|  0%| F|  |TAMS 0x00000000c2f00000| PB 0x00000000c2f00000| Untracked 
|  22|0x00000000c3000000, 0x00000000c3000000, 0x00000000c3100000|  0%| F|  |TAMS 0x00000000c3000000| PB 0x00000000c3000000| Untracked 
|  23|0x00000000c3100000, 0x00000000c3100000, 0x00000000c3200000|  0%| F|  |TAMS 0x00000000c3100000| PB 0x00000000c3100000| Untracked 
|  24|0x00000000c3200000, 0x00000000c3200000, 0x00000000c3300000|  0%| F|  |TAMS 0x00000000c3200000| PB 0x00000000c3200000| Untracked 
|  25|0x00000000c3300000, 0x00000000c3300000, 0x00000000c3400000|  0%| F|  |TAMS 0x00000000c3300000| PB 0x00000000c3300000| Untracked 
|  26|0x00000000c3400000, 0x00000000c3455d90, 0x00000000c3500000| 33%| E|  |TAMS 0x00000000c3400000| PB 0x00000000c3400000| Complete 
|  27|0x00000000c3500000, 0x00000000c3600000, 0x00000000c3600000|100%| E|  |TAMS 0x00000000c3500000| PB 0x00000000c3500000| Complete 
|  28|0x00000000c3600000, 0x00000000c3700000, 0x00000000c3700000|100%| E|CS|TAMS 0x00000000c3600000| PB 0x00000000c3600000| Complete 
|  29|0x00000000c3700000, 0x00000000c3800000, 0x00000000c3800000|100%| E|CS|TAMS 0x00000000c3700000| PB 0x00000000c3700000| Complete 
|  53|0x00000000c4f00000, 0x00000000c5000000, 0x00000000c5000000|100%| E|CS|TAMS 0x00000000c4f00000| PB 0x00000000c4f00000| Complete 
|  54|0x00000000c5000000, 0x00000000c5100000, 0x00000000c5100000|100%| E|CS|TAMS 0x00000000c5000000| PB 0x00000000c5000000| Complete 
|  55|0x00000000c5100000, 0x00000000c5200000, 0x00000000c5200000|100%| E|CS|TAMS 0x00000000c5100000| PB 0x00000000c5100000| Complete 
|  63|0x00000000c5900000, 0x00000000c5a00000, 0x00000000c5a00000|100%| E|CS|TAMS 0x00000000c5900000| PB 0x00000000c5900000| Complete 

Card table byte_map: [0x00000209e6280000,0x00000209e6480000] _byte_map_base: 0x00000209e5c73000

Marking Bits: (CMBitMap*) 0x00000209d35b0140
 Bits: [0x00000209e6480000, 0x00000209e7418000)

Polling page: 0x00000209d14b0000

Metaspace:

Usage:
  Non-class:     23.70 MB used.
      Class:      2.89 MB used.
       Both:     26.59 MB used.

Virtual space:
  Non-class space:       64.00 MB reserved,      23.94 MB ( 37%) committed,  1 nodes.
      Class space:        1.00 GB reserved,       3.12 MB ( <1%) committed,  1 nodes.
             Both:        1.06 GB reserved,      27.06 MB (  2%) committed. 

Chunk freelists:
   Non-Class:  7.81 MB
       Class:  12.86 MB
        Both:  20.67 MB

MaxMetaspaceSize: unlimited
CompressedClassSpaceSize: 1.00 GB
Initial GC threshold: 21.00 MB
Current GC threshold: 35.12 MB
CDS: off
 - commit_granule_bytes: 65536.
 - commit_granule_words: 8192.
 - virtual_space_node_default_size: 8388608.
 - enlarge_chunks_in_place: 1.
 - use_allocation_guard: 0.


Internal statistics:

num_allocs_failed_limit: 3.
num_arena_births: 526.
num_arena_deaths: 0.
num_vsnodes_births: 2.
num_vsnodes_deaths: 0.
num_space_committed: 433.
num_space_uncommitted: 0.
num_chunks_returned_to_freelist: 3.
num_chunks_taken_from_freelist: 1054.
num_chunk_merges: 0.
num_chunk_splits: 620.
num_chunks_enlarged: 334.
num_inconsistent_stats: 0.

CodeHeap 'non-profiled nmethods': size=120000Kb used=890Kb max_used=890Kb free=119109Kb
 bounds [0x00000209deb50000, 0x00000209dedc0000, 0x00000209e6080000]
CodeHeap 'profiled nmethods': size=120000Kb used=4602Kb max_used=4602Kb free=115397Kb
 bounds [0x00000209d7080000, 0x00000209d7500000, 0x00000209de5b0000]
CodeHeap 'non-nmethods': size=5760Kb used=1511Kb max_used=1540Kb free=4248Kb
 bounds [0x00000209de5b0000, 0x00000209de820000, 0x00000209deb50000]
 total_blobs=3042 nmethods=2458 adapters=488
 compilation: enabled
              stopped_count=0, restarted_count=0
 full_count=0

Compilation events (20 events):
Event: 41.055 Thread 0x00000209e9941420 2448       3       java.lang.String::toLowerCase (8 bytes)
Event: 41.056 Thread 0x00000209e9941420 nmethod 2448 0x00000209d74fad10 code [0x00000209d74faf00, 0x00000209d74fb290]
Event: 41.179 Thread 0x00000209e9941420 2450       3       sun.nio.ch.Util::isBufferTooLarge (15 bytes)
Event: 41.179 Thread 0x00000209e9941420 nmethod 2450 0x00000209d74fb390 code [0x00000209d74fb520, 0x00000209d74fb670]
Event: 41.179 Thread 0x00000209e9941420 2451       3       jdk.internal.net.http.Http1HeaderParser::canContinueParsing (73 bytes)
Event: 41.180 Thread 0x00000209e9941420 nmethod 2451 0x00000209d74fb710 code [0x00000209d74fb8c0, 0x00000209d74fbc00]
Event: 41.180 Thread 0x00000209e9941420 2452       3       jdk.internal.net.http.common.SequentialScheduler$TryEndDeferredCompleter::complete (170 bytes)
Event: 41.181 Thread 0x00000209e9941420 nmethod 2452 0x00000209d74fbd10 code [0x00000209d74fbfc0, 0x00000209d74fca58]
Event: 41.181 Thread 0x00000209e9941420 2453       3       java.util.Objects::hashCode (13 bytes)
Event: 41.182 Thread 0x00000209e9941420 nmethod 2453 0x00000209d74fcf10 code [0x00000209d74fd0c0, 0x00000209d74fd2d8]
Event: 41.182 Thread 0x00000209e9941420 2454       3       java.util.LinkedHashMap::<init> (15 bytes)
Event: 41.182 Thread 0x00000209e9941420 nmethod 2454 0x00000209d74fd390 code [0x00000209d74fd540, 0x00000209d74fd778]
Event: 41.201 Thread 0x00000209e9941420 2455       3       java.util.stream.Collectors$$Lambda/0x0000000100132d40::<init> (20 bytes)
Event: 41.202 Thread 0x00000209e9941420 nmethod 2455 0x00000209d74fd890 code [0x00000209d74fda40, 0x00000209d74fdcc0]
Event: 41.202 Thread 0x00000209e9941420 2456       3       java.util.stream.Collectors$$Lambda/0x0000000100132d40::get (16 bytes)
Event: 41.202 Thread 0x00000209e9941420 nmethod 2456 0x00000209d74fdd90 code [0x00000209d74fdf40, 0x00000209d74fe090]
Event: 41.202 Thread 0x00000209e9941420 2457       3       java.util.stream.Collectors::lambda$joining$11 (11 bytes)
Event: 41.202 Thread 0x00000209e9941420 nmethod 2457 0x00000209d74fe110 code [0x00000209d74fe2c0, 0x00000209d74fe458]
Event: 41.202 Thread 0x00000209e9941420 2458       3       java.util.stream.Collectors$$Lambda/0x00000001001333c8::apply (8 bytes)
Event: 41.202 Thread 0x00000209e9941420 nmethod 2458 0x00000209d74fe510 code [0x00000209d74fe6c0, 0x00000209d74fe8e8]

GC Heap History (8 events):
Event: 1.262 GC heap before
{Heap before GC invocations=0 (full 0):
 garbage-first heap   total 65536K, used 12288K [0x00000000c1a00000, 0x0000000100000000)
  region size 1024K, 13 young (13312K), 0 survivors (0K)
 Metaspace       used 12889K, committed 13056K, reserved 1114112K
  class space    used 1180K, committed 1280K, reserved 1048576K
}
Event: 1.269 GC heap after
{Heap after GC invocations=1 (full 0):
 garbage-first heap   total 65536K, used 5248K [0x00000000c1a00000, 0x0000000100000000)
  region size 1024K, 2 young (2048K), 2 survivors (2048K)
 Metaspace       used 12889K, committed 13056K, reserved 1114112K
  class space    used 1180K, committed 1280K, reserved 1048576K
}
Event: 1.861 GC heap before
{Heap before GC invocations=1 (full 0):
 garbage-first heap   total 65536K, used 17536K [0x00000000c1a00000, 0x0000000100000000)
  region size 1024K, 14 young (14336K), 2 survivors (2048K)
 Metaspace       used 17680K, committed 17984K, reserved 1114112K
  class space    used 1783K, committed 1920K, reserved 1048576K
}
Event: 1.867 GC heap after
{Heap after GC invocations=2 (full 0):
 garbage-first heap   total 65536K, used 6731K [0x00000000c1a00000, 0x0000000100000000)
  region size 1024K, 2 young (2048K), 2 survivors (2048K)
 Metaspace       used 17680K, committed 17984K, reserved 1114112K
  class space    used 1783K, committed 1920K, reserved 1048576K
}
Event: 3.649 GC heap before
{Heap before GC invocations=2 (full 0):
 garbage-first heap   total 65536K, used 13899K [0x00000000c1a00000, 0x0000000100000000)
  region size 1024K, 10 young (10240K), 2 survivors (2048K)
 Metaspace       used 21075K, committed 21504K, reserved 1114112K
  class space    used 2201K, committed 2432K, reserved 1048576K
}
Event: 3.654 GC heap after
{Heap after GC invocations=3 (full 0):
 garbage-first heap   total 65536K, used 7602K [0x00000000c1a00000, 0x0000000100000000)
  region size 1024K, 3 young (3072K), 3 survivors (3072K)
 Metaspace       used 21075K, committed 21504K, reserved 1114112K
  class space    used 2201K, committed 2432K, reserved 1048576K
}
Event: 5.488 GC heap before
{Heap before GC invocations=4 (full 0):
 garbage-first heap   total 34816K, used 23986K [0x00000000c1a00000, 0x0000000100000000)
  region size 1024K, 20 young (20480K), 3 survivors (3072K)
 Metaspace       used 25693K, committed 26176K, reserved 1114112K
  class space    used 2785K, committed 3008K, reserved 1048576K
}
Event: 5.498 GC heap after
{Heap after GC invocations=5 (full 0):
 garbage-first heap   total 34816K, used 9612K [0x00000000c1a00000, 0x0000000100000000)
  region size 1024K, 3 young (3072K), 3 survivors (3072K)
 Metaspace       used 25693K, committed 26176K, reserved 1114112K
  class space    used 2785K, committed 3008K, reserved 1048576K
}

Dll operation events (9 events):
Event: 0.022 Loaded shared library E:\xavier data\Software Testing\Java and eclipse\Eclipse\Extarct eclipse\eclipse\plugins\org.eclipse.justj.openjdk.hotspot.jre.full.win32.x86_64_21.0.3.v20240426-1530\jre\bin\java.dll
Event: 0.036 Loaded shared library E:\xavier data\Software Testing\Java and eclipse\Eclipse\Extarct eclipse\eclipse\plugins\org.eclipse.justj.openjdk.hotspot.jre.full.win32.x86_64_21.0.3.v20240426-1530\jre\bin\zip.dll
Event: 0.279 Loaded shared library E:\xavier data\Software Testing\Java and eclipse\Eclipse\Extarct eclipse\eclipse\plugins\org.eclipse.justj.openjdk.hotspot.jre.full.win32.x86_64_21.0.3.v20240426-1530\jre\bin\net.dll
Event: 0.282 Loaded shared library E:\xavier data\Software Testing\Java and eclipse\Eclipse\Extarct eclipse\eclipse\plugins\org.eclipse.justj.openjdk.hotspot.jre.full.win32.x86_64_21.0.3.v20240426-1530\jre\bin\nio.dll
Event: 0.302 Loaded shared library E:\xavier data\Software Testing\Java and eclipse\Eclipse\Extarct eclipse\eclipse\plugins\org.eclipse.justj.openjdk.hotspot.jre.full.win32.x86_64_21.0.3.v20240426-1530\jre\bin\zip.dll
Event: 0.603 Loaded shared library E:\xavier data\Software Testing\Java and eclipse\Eclipse\Extarct eclipse\eclipse\plugins\org.eclipse.justj.openjdk.hotspot.jre.full.win32.x86_64_21.0.3.v20240426-1530\jre\bin\jimage.dll
Event: 0.673 Loaded shared library E:\xavier data\Software Testing\Java and eclipse\Eclipse\Extarct eclipse\eclipse\plugins\org.eclipse.justj.openjdk.hotspot.jre.full.win32.x86_64_21.0.3.v20240426-1530\jre\bin\verify.dll
Event: 0.995 Loaded shared library E:\xavier data\Software Testing\Java and eclipse\Eclipse\Extarct eclipse\eclipse\plugins\org.eclipse.justj.openjdk.hotspot.jre.full.win32.x86_64_21.0.3.v20240426-1530\jre\bin\extnet.dll
Event: 3.516 Loaded shared library E:\xavier data\Software Testing\Java and eclipse\Eclipse\Extarct eclipse\eclipse\plugins\org.eclipse.justj.openjdk.hotspot.jre.full.win32.x86_64_21.0.3.v20240426-1530\jre\bin\sunmscapi.dll

Deoptimization events (20 events):
Event: 3.967 Thread 0x00000209d1387660 Uncommon trap: trap_request=0xffffffde fr.pc=0x00000209debd0b18 relative=0x0000000000000338
Event: 3.967 Thread 0x00000209d1387660 Uncommon trap: reason=class_check action=maybe_recompile pc=0x00000209debd0b18 method=java.util.regex.Pattern$BmpCharPropertyGreedy.match(Ljava/util/regex/Matcher;ILjava/lang/CharSequence;)Z @ 26 c2
Event: 3.967 Thread 0x00000209d1387660 DEOPT PACKING pc=0x00000209debd0b18 sp=0x000000d308efcc40
Event: 3.967 Thread 0x00000209d1387660 DEOPT UNPACKING pc=0x00000209de6046a2 sp=0x000000d308efcbf8 mode 2
Event: 3.995 Thread 0x00000209ef1e6fd0 Uncommon trap: trap_request=0xffffffde fr.pc=0x00000209debd0b18 relative=0x0000000000000338
Event: 3.995 Thread 0x00000209ef1e6fd0 Uncommon trap: reason=class_check action=maybe_recompile pc=0x00000209debd0b18 method=java.util.regex.Pattern$BmpCharPropertyGreedy.match(Ljava/util/regex/Matcher;ILjava/lang/CharSequence;)Z @ 26 c2
Event: 3.995 Thread 0x00000209ef1e6fd0 DEOPT PACKING pc=0x00000209debd0b18 sp=0x000000d30abfe110
Event: 3.995 Thread 0x00000209ef1e6fd0 DEOPT UNPACKING pc=0x00000209de6046a2 sp=0x000000d30abfe0a8 mode 2
Event: 4.003 Thread 0x00000209ef1e6fd0 Uncommon trap: trap_request=0xffffff45 fr.pc=0x00000209deba0b88 relative=0x00000000000001a8
Event: 4.003 Thread 0x00000209ef1e6fd0 Uncommon trap: reason=unstable_if action=reinterpret pc=0x00000209deba0b88 method=java.lang.invoke.VarHandle.checkAccessModeThenIsDirect(Ljava/lang/invoke/VarHandle$AccessDescriptor;)Z @ 4 c2
Event: 4.003 Thread 0x00000209ef1e6fd0 DEOPT PACKING pc=0x00000209deba0b88 sp=0x000000d30abfe6e0
Event: 4.003 Thread 0x00000209ef1e6fd0 DEOPT UNPACKING pc=0x00000209de6046a2 sp=0x000000d30abfe618 mode 2
Event: 5.515 Thread 0x00000209d1387660 Uncommon trap: trap_request=0xffffff45 fr.pc=0x00000209debcf50c relative=0x0000000000000e0c
Event: 5.515 Thread 0x00000209d1387660 Uncommon trap: reason=unstable_if action=reinterpret pc=0x00000209debcf50c method=java.util.concurrent.ConcurrentHashMap.putVal(Ljava/lang/Object;Ljava/lang/Object;Z)Ljava/lang/Object; @ 231 c2
Event: 5.515 Thread 0x00000209d1387660 DEOPT PACKING pc=0x00000209debcf50c sp=0x000000d308efd910
Event: 5.515 Thread 0x00000209d1387660 DEOPT UNPACKING pc=0x00000209de6046a2 sp=0x000000d308efd870 mode 2
Event: 30.458 Thread 0x00000209d1387660 Uncommon trap: trap_request=0xffffff45 fr.pc=0x00000209dec1af00 relative=0x00000000000022c0
Event: 30.458 Thread 0x00000209d1387660 Uncommon trap: reason=unstable_if action=reinterpret pc=0x00000209dec1af00 method=jdk.internal.loader.URLClassPath$FileLoader.getResource(Ljava/lang/String;Z)Ljdk/internal/loader/Resource; @ 128 c2
Event: 30.459 Thread 0x00000209d1387660 DEOPT PACKING pc=0x00000209dec1af00 sp=0x000000d308efd700
Event: 30.459 Thread 0x00000209d1387660 DEOPT UNPACKING pc=0x00000209de6046a2 sp=0x000000d308efd688 mode 2

Classes loaded (20 events):
Event: 30.452 Loading class jdk/internal/reflect/MethodHandleLongFieldAccessorImpl
Event: 30.452 Loading class jdk/internal/reflect/MethodHandleLongFieldAccessorImpl done
Event: 30.483 Loading class java/lang/annotation/ElementType
Event: 30.483 Loading class java/lang/annotation/ElementType done
Event: 30.520 Loading class java/util/AbstractList$ListItr
Event: 30.520 Loading class java/util/AbstractList$ListItr done
Event: 30.608 Loading class java/net/URLEncoder
Event: 30.608 Loading class java/net/URLEncoder done
Event: 30.608 Loading class java/io/CharArrayWriter
Event: 30.608 Loading class java/io/CharArrayWriter done
Event: 41.189 Loading class java/lang/invoke/WrongMethodTypeException
Event: 41.190 Loading class java/lang/invoke/WrongMethodTypeException done
Event: 41.190 Loading class jdk/internal/reflect/AccessorUtils
Event: 41.190 Loading class jdk/internal/reflect/AccessorUtils done
Event: 41.190 Loading class java/lang/StackTraceElement$HashedModules
Event: 41.190 Loading class java/lang/StackTraceElement$HashedModules done
Event: 41.203 Loading class java/lang/Throwable$WrappedPrintWriter
Event: 41.203 Loading class java/lang/Throwable$PrintStreamOrWriter
Event: 41.203 Loading class java/lang/Throwable$PrintStreamOrWriter done
Event: 41.203 Loading class java/lang/Throwable$WrappedPrintWriter done

Classes unloaded (0 events):
No events

Classes redefined (0 events):
No events

Internal exceptions (20 events):
Event: 3.964 Thread 0x00000209d1387660 Exception <a 'java/lang/NoSuchMethodError'{0x00000000c2fbdc90}: 'java.lang.Object java.lang.invoke.DirectMethodHandle$Holder.invokeInterface(java.lang.Object, java.lang.Object, java.lang.Object)'> (0x00000000c2fbdc90) 
thrown [s\src\hotspot\share\interpreter\linkResolver.cpp, line 773]
Event: 3.964 Thread 0x00000209d1387660 Exception <a 'java/lang/IncompatibleClassChangeError'{0x00000000c2fc1078}: Found class java.lang.Object, but interface was expected> (0x00000000c2fc1078) 
thrown [s\src\hotspot\share\interpreter\linkResolver.cpp, line 840]
Event: 3.966 Thread 0x00000209d1387660 Exception <a 'java/lang/NoSuchMethodError'{0x00000000c2fc8570}: 'int java.lang.invoke.DirectMethodHandle$Holder.invokeSpecialIFC(java.lang.Object, java.lang.Object, java.lang.Object, java.lang.Object)'> (0x00000000c2fc8570) 
thrown [s\src\hotspot\share\interpreter\linkResolver.cpp, line 773]
Event: 3.972 Thread 0x00000209d1387660 Exception <a 'java/lang/NoSuchMethodError'{0x00000000c2feb380}: 'java.lang.Object java.lang.invoke.DirectMethodHandle$Holder.invokeVirtual(java.lang.Object, java.lang.Object, java.lang.Object, java.lang.Object)'> (0x00000000c2feb380) 
thrown [s\src\hotspot\share\interpreter\linkResolver.cpp, line 773]
Event: 4.003 Thread 0x00000209ef1e6fd0 Exception <a 'java/net/ConnectException'{0x00000000c2ea4760}: Connection refused: getsockopt> (0x00000000c2ea4760) 
thrown [s\src\hotspot\share\prims\jni.cpp, line 539]
Event: 4.018 Thread 0x00000209ef1e6fd0 Exception <a 'java/net/ConnectException'{0x00000000c2ea5850}: Connection refused: getsockopt> (0x00000000c2ea5850) 
thrown [s\src\hotspot\share\prims\jni.cpp, line 539]
Event: 4.088 Thread 0x00000209d1387660 Exception <a 'java/lang/NoSuchMethodError'{0x00000000c2d0da58}: 'java.lang.Object java.lang.invoke.DirectMethodHandle$Holder.newInvokeSpecial(java.lang.Object, java.lang.Object, int, int)'> (0x00000000c2d0da58) 
thrown [s\src\hotspot\share\interpreter\linkResolver.cpp, line 773]
Event: 4.089 Thread 0x00000209d1387660 Exception <a 'java/lang/NoSuchMethodError'{0x00000000c2d17f30}: 'void java.lang.invoke.DirectMethodHandle$Holder.invokeStatic(java.lang.Object, java.lang.Object, int)'> (0x00000000c2d17f30) 
thrown [s\src\hotspot\share\interpreter\linkResolver.cpp, line 773]
Event: 4.152 Thread 0x00000209eeda3b80 Exception <a 'java/lang/NoSuchMethodError'{0x00000000c2ba6698}: 'java.lang.Object java.lang.invoke.DirectMethodHandle$Holder.invokeSpecial(java.lang.Object, java.lang.Object, java.lang.Object, java.lang.Object, int)'> (0x00000000c2ba6698) 
thrown [s\src\hotspot\share\interpreter\linkResolver.cpp, line 773]
Event: 4.152 Thread 0x00000209eeda3b80 Exception <a 'java/lang/NoSuchMethodError'{0x00000000c2ba9fe0}: 'java.lang.Object java.lang.invoke.Invokers$Holder.linkToTargetMethod(java.lang.Object, java.lang.Object, int, java.lang.Object)'> (0x00000000c2ba9fe0) 
thrown [s\src\hotspot\share\interpreter\linkResolver.cpp, line 773]
Event: 4.179 Thread 0x00000209eeda3b80 Exception <a 'java/lang/NoSuchMethodError'{0x00000000c2abe898}: 'void java.lang.invoke.DirectMethodHandle$Holder.invokeSpecial(java.lang.Object, java.lang.Object, java.lang.Object, java.lang.Object, java.lang.Object)'> (0x00000000c2abe898) 
thrown [s\src\hotspot\share\interpreter\linkResolver.cpp, line 773]
Event: 4.201 Thread 0x00000209eeda3b80 Exception <a 'java/lang/NoSuchMethodError'{0x00000000c295acd8}: 'int java.lang.invoke.DirectMethodHandle$Holder.invokeSpecialIFC(java.lang.Object, java.lang.Object, java.lang.Object, java.lang.Object, java.lang.Object)'> (0x00000000c295acd8) 
thrown [s\src\hotspot\share\interpreter\linkResolver.cpp, line 773]
Event: 5.418 Thread 0x00000209eeda3b80 Exception <a 'java/lang/NoSuchMethodError'{0x00000000c281d380}: 'java.lang.Object java.lang.invoke.DirectMethodHandle$Holder.newInvokeSpecial(java.lang.Object, java.lang.Object, long, java.lang.Object, java.lang.Object, java.lang.Object)'> (0x00000000c281d380) 
thrown [s\src\hotspot\share\interpreter\linkResolver.cpp, line 773]
Event: 5.425 Thread 0x00000209eeda3b80 Exception <a 'java/lang/NoSuchMethodError'{0x00000000c2840c58}: 'void java.lang.invoke.DirectMethodHandle$Holder.invokeSpecial(java.lang.Object, java.lang.Object, java.lang.Object, java.lang.Object, java.lang.Object, java.lang.Object, java.lang.Object)'> (0x00000000c2840c58) 
thrown [s\src\hotspot\share\interpreter\linkResolver.cpp, line 773]
Event: 5.450 Thread 0x00000209d1387660 Exception <a 'java/lang/NoSuchMethodError'{0x00000000c2cca378}: 'java.lang.Object java.lang.invoke.DirectMethodHandle$Holder.invokeSpecialIFC(java.lang.Object, java.lang.Object, java.lang.Object)'> (0x00000000c2cca378) 
thrown [s\src\hotspot\share\interpreter\linkResolver.cpp, line 773]
Event: 5.712 Thread 0x00000209d1387660 Exception <a 'java/lang/ClassNotFoundException'{0x00000000c4fac550}: sun/util/logging/resources/spi/loggingProvider> (0x00000000c4fac550) 
thrown [s\src\hotspot\share\classfile\systemDictionary.cpp, line 312]
Event: 30.453 Thread 0x00000209d1387660 Exception <a 'java/lang/NoSuchMethodError'{0x00000000c37c3c40}: 'long java.lang.invoke.DelegatingMethodHandle$Holder.reinvoke_L(java.lang.Object, java.lang.Object)'> (0x00000000c37c3c40) 
thrown [s\src\hotspot\share\interpreter\linkResolver.cpp, line 773]
Event: 30.454 Thread 0x00000209d1387660 Exception <a 'java/lang/NoSuchMethodError'{0x00000000c37cd908}: 'void java.lang.invoke.DelegatingMethodHandle$Holder.reinvoke_L(java.lang.Object, java.lang.Object, long)'> (0x00000000c37cd908) 
thrown [s\src\hotspot\share\interpreter\linkResolver.cpp, line 773]
Event: 30.455 Thread 0x00000209d1387660 Exception <a 'java/lang/NoSuchMethodError'{0x00000000c37d40e8}: 'long java.lang.invoke.Invokers$Holder.invokeExact_MT(java.lang.Object, java.lang.Object, java.lang.Object)'> (0x00000000c37d40e8) 
thrown [s\src\hotspot\share\interpreter\linkResolver.cpp, line 773]
Event: 41.189 Thread 0x00000209d1387660 Exception <a 'java/lang/NullPointerException'{0x00000000c35e6768}> (0x00000000c35e6768) 
thrown [s\src\hotspot\share\interpreter\linkResolver.cpp, line 1372]

ZGC Phase Switch (0 events):
No events

VM Operations (20 events):
Event: 5.069 Executing VM operation: Cleanup
Event: 5.069 Executing VM operation: Cleanup done
Event: 5.397 Executing VM operation: HandshakeAllThreads (Deoptimize)
Event: 5.397 Executing VM operation: HandshakeAllThreads (Deoptimize) done
Event: 5.400 Executing VM operation: HandshakeAllThreads (Deoptimize)
Event: 5.400 Executing VM operation: HandshakeAllThreads (Deoptimize) done
Event: 5.488 Executing VM operation: G1CollectForAllocation (G1 Evacuation Pause)
Event: 5.498 Executing VM operation: G1CollectForAllocation (G1 Evacuation Pause) done
Event: 5.689 Executing VM operation: HandshakeAllThreads (Deoptimize)
Event: 5.689 Executing VM operation: HandshakeAllThreads (Deoptimize) done
Event: 6.692 Executing VM operation: Cleanup
Event: 6.692 Executing VM operation: Cleanup done
Event: 8.699 Executing VM operation: Cleanup
Event: 8.699 Executing VM operation: Cleanup done
Event: 24.847 Executing VM operation: Cleanup
Event: 24.847 Executing VM operation: Cleanup done
Event: 30.896 Executing VM operation: Cleanup
Event: 30.896 Executing VM operation: Cleanup done
Event: 40.981 Executing VM operation: Cleanup
Event: 40.982 Executing VM operation: Cleanup done

Events (20 events):
Event: 1.954 Thread 0x00000209ee7aac10 Thread added: 0x00000209ee7aac10
Event: 3.343 Thread 0x00000209e9b99300 Thread exited: 0x00000209e9b99300
Event: 3.347 Thread 0x00000209ee7aac10 Thread exited: 0x00000209ee7aac10
Event: 3.432 Thread 0x00000209eec567a0 Thread added: 0x00000209eec567a0
Event: 3.548 Thread 0x00000209eed0d1f0 Thread added: 0x00000209eed0d1f0
Event: 3.938 Thread 0x00000209ef538530 Thread added: 0x00000209ef538530
Event: 3.979 Thread 0x00000209ef7cdcf0 Thread added: 0x00000209ef7cdcf0
Event: 3.984 Thread 0x00000209ef7ce360 Thread added: 0x00000209ef7ce360
Event: 3.984 Thread 0x00000209ef1e6960 Thread added: 0x00000209ef1e6960
Event: 3.989 Thread 0x00000209ef1e6fd0 Thread added: 0x00000209ef1e6fd0
Event: 4.048 Thread 0x00000209eed0d1f0 Thread exited: 0x00000209eed0d1f0
Event: 4.054 Thread 0x00000209eeda2e60 Thread added: 0x00000209eeda2e60
Event: 4.137 Thread 0x00000209eeda3b80 Thread added: 0x00000209eeda3b80
Event: 4.199 Thread 0x00000209eeda0700 Thread added: 0x00000209eeda0700
Event: 4.200 Thread 0x00000209eeda0d90 Thread added: 0x00000209eeda0d90
Event: 5.549 Thread 0x00000209eeda1420 Thread added: 0x00000209eeda1420
Event: 5.551 Thread 0x00000209eeda27d0 Thread added: 0x00000209eeda27d0
Event: 5.554 Thread 0x00000209eeda34f0 Thread added: 0x00000209eeda34f0
Event: 5.554 Thread 0x00000209eeda2140 Thread added: 0x00000209eeda2140
Event: 14.076 Thread 0x00000209eeda2e60 Thread exited: 0x00000209eeda2e60


Dynamic libraries:
0x00007ff75e160000 - 0x00007ff75e16e000 	E:\xavier data\Software Testing\Java and eclipse\Eclipse\Extarct eclipse\eclipse\plugins\org.eclipse.justj.openjdk.hotspot.jre.full.win32.x86_64_21.0.3.v20240426-1530\jre\bin\javaw.exe
0x00007ffcfeef0000 - 0x00007ffcff0e8000 	C:\Windows\SYSTEM32\ntdll.dll
0x00007ffcfcf20000 - 0x00007ffcfcfe1000 	C:\Windows\System32\KERNEL32.DLL
0x00007ffcfc7f0000 - 0x00007ffcfcaed000 	C:\Windows\System32\KERNELBASE.dll
0x00007ffcfcba0000 - 0x00007ffcfcca0000 	C:\Windows\System32\ucrtbase.dll
0x00007ffcf9a40000 - 0x00007ffcf9a5b000 	E:\xavier data\Software Testing\Java and eclipse\Eclipse\Extarct eclipse\eclipse\plugins\org.eclipse.justj.openjdk.hotspot.jre.full.win32.x86_64_21.0.3.v20240426-1530\jre\bin\VCRUNTIME140.dll
0x00007ffcf9b40000 - 0x00007ffcf9b58000 	E:\xavier data\Software Testing\Java and eclipse\Eclipse\Extarct eclipse\eclipse\plugins\org.eclipse.justj.openjdk.hotspot.jre.full.win32.x86_64_21.0.3.v20240426-1530\jre\bin\jli.dll
0x00007ffcfe370000 - 0x00007ffcfe50d000 	C:\Windows\System32\USER32.dll
0x00007ffce4fd0000 - 0x00007ffce526a000 	C:\Windows\WinSxS\amd64_microsoft.windows.common-controls_6595b64144ccf1df_6.0.19041.4355_none_60b8b9eb71f62e16\COMCTL32.dll
0x00007ffcfc770000 - 0x00007ffcfc792000 	C:\Windows\System32\win32u.dll
0x00007ffcfe090000 - 0x00007ffcfe0bb000 	C:\Windows\System32\GDI32.dll
0x00007ffcfe180000 - 0x00007ffcfe21e000 	C:\Windows\System32\msvcrt.dll
0x00007ffcfce00000 - 0x00007ffcfcf17000 	C:\Windows\System32\gdi32full.dll
0x00007ffcfc6d0000 - 0x00007ffcfc76d000 	C:\Windows\System32\msvcp_win.dll
0x00007ffcfcff0000 - 0x00007ffcfd01f000 	C:\Windows\System32\IMM32.DLL
0x00007ffcf9a30000 - 0x00007ffcf9a3c000 	E:\xavier data\Software Testing\Java and eclipse\Eclipse\Extarct eclipse\eclipse\plugins\org.eclipse.justj.openjdk.hotspot.jre.full.win32.x86_64_21.0.3.v20240426-1530\jre\bin\vcruntime140_1.dll
0x00007ffcdb470000 - 0x00007ffcdb4fe000 	E:\xavier data\Software Testing\Java and eclipse\Eclipse\Extarct eclipse\eclipse\plugins\org.eclipse.justj.openjdk.hotspot.jre.full.win32.x86_64_21.0.3.v20240426-1530\jre\bin\msvcp140.dll
0x00007ffcb26d0000 - 0x00007ffcb3452000 	E:\xavier data\Software Testing\Java and eclipse\Eclipse\Extarct eclipse\eclipse\plugins\org.eclipse.justj.openjdk.hotspot.jre.full.win32.x86_64_21.0.3.v20240426-1530\jre\bin\server\jvm.dll
0x00007ffcfddc0000 - 0x00007ffcfde70000 	C:\Windows\System32\ADVAPI32.dll
0x00007ffcfece0000 - 0x00007ffcfed80000 	C:\Windows\System32\sechost.dll
0x00007ffcfe240000 - 0x00007ffcfe363000 	C:\Windows\System32\RPCRT4.dll
0x00007ffcfc630000 - 0x00007ffcfc657000 	C:\Windows\System32\bcrypt.dll
0x00007ffcfdf50000 - 0x00007ffcfdfbb000 	C:\Windows\System32\WS2_32.dll
0x00007ffcfc3f0000 - 0x00007ffcfc43b000 	C:\Windows\SYSTEM32\POWRPROF.dll
0x00007ffcda9d0000 - 0x00007ffcda9f7000 	C:\Windows\SYSTEM32\WINMM.dll
0x00007ffcf6b60000 - 0x00007ffcf6b6a000 	C:\Windows\SYSTEM32\VERSION.dll
0x00007ffcfc3d0000 - 0x00007ffcfc3e2000 	C:\Windows\SYSTEM32\UMPDC.dll
0x00007ffcfa420000 - 0x00007ffcfa432000 	C:\Windows\SYSTEM32\kernel.appcore.dll
0x00007ffcf4db0000 - 0x00007ffcf4dba000 	E:\xavier data\Software Testing\Java and eclipse\Eclipse\Extarct eclipse\eclipse\plugins\org.eclipse.justj.openjdk.hotspot.jre.full.win32.x86_64_21.0.3.v20240426-1530\jre\bin\jimage.dll
0x00007ffceabd0000 - 0x00007ffceadb4000 	C:\Windows\SYSTEM32\DBGHELP.DLL
0x00007ffcea6e0000 - 0x00007ffcea714000 	C:\Windows\SYSTEM32\dbgcore.DLL
0x00007ffcfc5a0000 - 0x00007ffcfc622000 	C:\Windows\System32\bcryptPrimitives.dll
0x00007ffccafa0000 - 0x00007ffccafbf000 	E:\xavier data\Software Testing\Java and eclipse\Eclipse\Extarct eclipse\eclipse\plugins\org.eclipse.justj.openjdk.hotspot.jre.full.win32.x86_64_21.0.3.v20240426-1530\jre\bin\java.dll
0x00007ffcbd6a0000 - 0x00007ffcbd6b8000 	E:\xavier data\Software Testing\Java and eclipse\Eclipse\Extarct eclipse\eclipse\plugins\org.eclipse.justj.openjdk.hotspot.jre.full.win32.x86_64_21.0.3.v20240426-1530\jre\bin\zip.dll
0x00007ffcfe510000 - 0x00007ffcfec7f000 	C:\Windows\System32\SHELL32.dll
0x00007ffcfa620000 - 0x00007ffcfadbf000 	C:\Windows\SYSTEM32\windows.storage.dll
0x00007ffcfd250000 - 0x00007ffcfd5a3000 	C:\Windows\System32\combase.dll
0x00007ffcfbef0000 - 0x00007ffcfbf1e000 	C:\Windows\SYSTEM32\Wldp.dll
0x00007ffcfdfc0000 - 0x00007ffcfe08d000 	C:\Windows\System32\OLEAUT32.dll
0x00007ffcfdd10000 - 0x00007ffcfddbd000 	C:\Windows\System32\SHCORE.dll
0x00007ffcfd0d0000 - 0x00007ffcfd125000 	C:\Windows\System32\shlwapi.dll
0x00007ffcfc4d0000 - 0x00007ffcfc4f4000 	C:\Windows\SYSTEM32\profapi.dll
0x00007ffce3140000 - 0x00007ffce3150000 	E:\xavier data\Software Testing\Java and eclipse\Eclipse\Extarct eclipse\eclipse\plugins\org.eclipse.justj.openjdk.hotspot.jre.full.win32.x86_64_21.0.3.v20240426-1530\jre\bin\net.dll
0x00007ffcf5940000 - 0x00007ffcf5a4d000 	C:\Windows\SYSTEM32\WINHTTP.dll
0x00007ffcfbc50000 - 0x00007ffcfbcba000 	C:\Windows\system32\mswsock.dll
0x00007ffcbc650000 - 0x00007ffcbc666000 	E:\xavier data\Software Testing\Java and eclipse\Eclipse\Extarct eclipse\eclipse\plugins\org.eclipse.justj.openjdk.hotspot.jre.full.win32.x86_64_21.0.3.v20240426-1530\jre\bin\nio.dll
0x00007ffcf9bf0000 - 0x00007ffcf9c00000 	E:\xavier data\Software Testing\Java and eclipse\Eclipse\Extarct eclipse\eclipse\plugins\org.eclipse.justj.openjdk.hotspot.jre.full.win32.x86_64_21.0.3.v20240426-1530\jre\bin\verify.dll
0x00007ffcfb970000 - 0x00007ffcfba3a000 	C:\Windows\SYSTEM32\DNSAPI.dll
0x00007ffcfb930000 - 0x00007ffcfb96b000 	C:\Windows\SYSTEM32\IPHLPAPI.DLL
0x00007ffcfee00000 - 0x00007ffcfee08000 	C:\Windows\System32\NSI.dll
0x00007ffcecda0000 - 0x00007ffcecdaa000 	C:\Windows\System32\rasadhlp.dll
0x00007ffcecdc0000 - 0x00007ffcece40000 	C:\Windows\System32\fwpuclnt.dll
0x00007ffce4a80000 - 0x00007ffce4a89000 	E:\xavier data\Software Testing\Java and eclipse\Eclipse\Extarct eclipse\eclipse\plugins\org.eclipse.justj.openjdk.hotspot.jre.full.win32.x86_64_21.0.3.v20240426-1530\jre\bin\extnet.dll
0x00007ffcfbe50000 - 0x00007ffcfbe68000 	C:\Windows\SYSTEM32\CRYPTSP.dll
0x00007ffcfb570000 - 0x00007ffcfb5a4000 	C:\Windows\system32\rsaenh.dll
0x00007ffcfc480000 - 0x00007ffcfc4ae000 	C:\Windows\SYSTEM32\USERENV.dll
0x00007ffcfbe40000 - 0x00007ffcfbe4c000 	C:\Windows\SYSTEM32\CRYPTBASE.dll
0x00007ffcf7250000 - 0x00007ffcf725e000 	E:\xavier data\Software Testing\Java and eclipse\Eclipse\Extarct eclipse\eclipse\plugins\org.eclipse.justj.openjdk.hotspot.jre.full.win32.x86_64_21.0.3.v20240426-1530\jre\bin\sunmscapi.dll
0x00007ffcfcca0000 - 0x00007ffcfcdfe000 	C:\Windows\System32\CRYPT32.dll
0x00007ffcfbf60000 - 0x00007ffcfbf89000 	C:\Windows\SYSTEM32\ncrypt.dll
0x00007ffcfbf20000 - 0x00007ffcfbf5b000 	C:\Windows\SYSTEM32\NTASN1.dll
0x00007ffcf9a10000 - 0x00007ffcf9a17000 	C:\Windows\system32\wshunix.dll

dbghelp: loaded successfully - version: 4.0.5 - missing functions: none
symbol engine: initialized successfully - sym options: 0x614 - pdb path: .;E:\xavier data\Software Testing\Java and eclipse\Eclipse\Extarct eclipse\eclipse\plugins\org.eclipse.justj.openjdk.hotspot.jre.full.win32.x86_64_21.0.3.v20240426-1530\jre\bin;C:\Windows\SYSTEM32;C:\Windows\WinSxS\amd64_microsoft.windows.common-controls_6595b64144ccf1df_6.0.19041.4355_none_60b8b9eb71f62e16;E:\xavier data\Software Testing\Java and eclipse\Eclipse\Extarct eclipse\eclipse\plugins\org.eclipse.justj.openjdk.hotspot.jre.full.win32.x86_64_21.0.3.v20240426-1530\jre\bin\server

VM Arguments:
jvm_args: -ea -Dfile.encoding=UTF-8 -Dstdout.encoding=UTF-8 -Dstderr.encoding=UTF-8 -XX:+ShowCodeDetailsInExceptionMessages 
java_command: org.testng.remote.RemoteTestNG -serport 64707 -protocol json -d C:\Users\HP\eclipse-workspace\WebApplication_Test_Automation_Project\test-output C:\Users\HP\AppData\Local\Temp\testng-eclipse-829805811\testng-customsuite.xml
java_class_path (initial): E:\xavier data\Software Testing\Java and eclipse\Eclipse\Extarct eclipse\eclipse\configuration\org.eclipse.osgi\595\0\.cp\lib\testng-remote.jar;C:\Users\HP\eclipse-workspace\WebApplication_Test_Automation_Project\target\test-classes;C:\Users\HP\eclipse-workspace\WebApplication_Test_Automation_Project\target\classes;C:\Users\HP\.m2\repository\org\seleniumhq\selenium\selenium-java\4.22.0\selenium-java-4.22.0.jar;C:\Users\HP\.m2\repository\org\seleniumhq\selenium\selenium-api\4.22.0\selenium-api-4.22.0.jar;C:\Users\HP\.m2\repository\org\seleniumhq\selenium\selenium-chrome-driver\4.22.0\selenium-chrome-driver-4.22.0.jar;C:\Users\HP\.m2\repository\com\google\auto\service\auto-service-annotations\1.1.1\auto-service-annotations-1.1.1.jar;C:\Users\HP\.m2\repository\org\seleniumhq\selenium\selenium-chromium-driver\4.22.0\selenium-chromium-driver-4.22.0.jar;C:\Users\HP\.m2\repository\org\seleniumhq\selenium\selenium-json\4.22.0\selenium-json-4.22.0.jar;C:\Users\HP\.m2\repository\org\seleniumhq\selenium\selenium-manager\4.22.0\selenium-manager-4.22.0.jar;C:\Users\HP\.m2\repository\org\seleniumhq\selenium\selenium-devtools-v124\4.22.0\selenium-devtools-v124-4.22.0.jar;C:\Users\HP\.m2\repository\org\seleniumhq\selenium\selenium-devtools-v125\4.22.0\selenium-devtools-v125-4.22.0.jar;C:\Users\HP\.m2\repository\org\seleniumhq\selenium\selenium-devtools-v126\4.22.0\selenium-devtools-v126-4.22.0.jar;C:\Users\HP\.m2\repository\org\seleniumhq\selenium\selenium-devtools-v85\4.22.0\selenium-devtools-v85-4.22.0.jar;C:\Users\HP\.m2\repository\org\seleniumhq\selenium\selenium-edge-driver\4.22.0\selenium-edge-driver-4.22.0.jar;C:\Users\HP\.m2\repository\org\seleniumhq\selenium\selenium-firefox-driver\4.22.0\selenium-firefox-driver-4.22.0.jar;C:\Users\HP\.m2\repository\org\seleniumhq\selenium\selenium-http\4.22.0\selenium-http-4.22.0.jar;C:\Users\HP\.m2\repository\dev\failsafe\failsafe\3.3.2\failsafe-3.3.2.jar;C:\Users\HP\.m2\repository\org\seleniumhq\selenium\selenium-ie-driver\4.22.0\selenium-ie-driver-4.22.0.jar;C:\Users\HP\.m2\repository\org\seleniumhq\selenium\selenium-remote-driver\4.22.0\selenium-remote-driver-4.22.0.jar;C:\Users\HP\.m2\repository\com\google\guava\guava\33.2.1-jre\guava-33.2.1-jre.jar;C:\Users\HP\.m2\repository\com\google\guava\failureaccess\1.0.2\failureaccess-1.0.2.jar;C:\Users\HP\.m2\repository\com\google\guava\listenablefuture\9999.0-empty-to-avoid-conflict-with-guava\listenablefuture-9999.0-empty-to-avoid-conflict-with-guava.jar;C:\Users\HP\.m2\repository\com\google\code\findbugs\jsr305\3.0.2\jsr305-3.0.2.jar;C:\Users\HP\.m2\repository\org\checkerframework\checker-qual\3.42.0\checker-qual-3.42.0.jar;C:\Users\HP\.m2\repository\com\google\errorprone\error_prone_annotations\2.26.1\error_prone_annotations-2.26.1.jar;C:\Users\HP\.m2\repository\com\google\j2objc\j2objc-annotations\3.0.0\j2objc-annotations-3.0.0.jar;C:\Users\HP\.m2\repository\io\opentelemetry\semconv\opentelemetry-semconv\1.25.0-alpha\opentelemetry-semconv-1.25.0-alpha.jar;C:\Users\HP\.m2\repository\io\opentelemetry\opentelemetry-api\1.39.0\opentelemetry-api-1.39.0.jar;C:\Users\HP\.m2\repository\io\opentelemetry\opentelemetry-context\1.39.0\opentelemetry-context-1.39.0.jar;C:\Users\HP\.m2\repository\io\opentelemetry\opentelemetry-exporter-logging\1.39.0\opentelemetry-exporter-logging-1.39.0.jar;C:\Users\HP\.m2\repository\io\opentelemetry\opentelemetry-sdk-common\1.39.0\opentelemetry-sdk-common-1.39.0.jar;C:\Users\HP\.m2\repository\io\opentelemetry\opentelemetry-sdk-extension-autoconfigure-spi\1.39.0\opentelemetry-sdk-extension-autoconfigure-spi-1.39.0.jar;C:\Users\HP\.m2\repository\io\opentelemetry\opentelemetry-sdk-extension-autoconfigure\1.39.0\opentelemetry-sdk-extension-autoconfigure-1.39.0.jar;C:\Users\HP\.m2\repository\io\opentelemetry\opentelemetry-api-incubator\1.39.0-alpha\opentelemetry-api-incubator-1.39.0-alpha.jar;C:\Users\HP\.m2\repository\io\opentelemetry\opentelemetry-sdk-trace\1.39.0\opentelemetry-sdk-trace-1.39.0.jar;C:\Users\HP\.m2\repository\io\opentelemetry\opentelemetry-sdk\1.39.0\opentelemetry-sdk-1.39.0.jar;C:\Users\HP\.m2\repository\io\opentelemetry\opentelemetry-sdk-metrics\1.39.0\opentelemetry-sdk-metrics-1.39.0.jar;C:\Users\HP\.m2\repository\io\opentelemetry\opentelemetry-sdk-logs\1.39.0\opentelemetry-sdk-logs-1.39.0.jar;C:\Users\HP\.m2\repository\net\bytebuddy\byte-buddy\1.14.17\byte-buddy-1.14.17.jar;C:\Users\HP\.m2\repository\org\seleniumhq\selenium\selenium-os\4.22.0\selenium-os-4.22.0.jar;C:\Users\HP\.m2\repository\org\apache\commons\commons-exec\1.4.0\commons-exec-1.4.0.jar;C:\Users\HP\.m2\repository\org\seleniumhq\selenium\selenium-safari-driver\4.22.0\selenium-safari-driver-4.22.0.jar;C:\Users\HP\.m2\repository\org\seleniumhq\selenium\selenium-support\4.22.0\selenium-support-4.22.0.jar;C:\Users\HP\.m2\repository\org\testng\testng\7.10.2\testng-7.10.2.jar;C:\Users\HP\.m2\repository\org\slf4j\slf4j-api\1.7.36\slf4j-api-1.7.36.jar;C:\Users\HP\.m2\repository\com\beust\jcommander\1.82\jcommander-1.82.jar;C:\Users\HP\.m2\repository\org\webjars\jquery\3.7.1\jquery-3.7.1.jar;C:\Users\HP\.m2\repository\org\apache\poi\poi\5.3.0\poi-5.3.0.jar;C:\Users\HP\.m2\repository\commons-codec\commons-codec\1.17.0\commons-codec-1.17.0.jar;C:\Users\HP\.m2\repository\org\apache\commons\commons-collections4\4.4\commons-collections4-4.4.jar;C:\Users\HP\.m2\repository\org\apache\commons\commons-math3\3.6.1\commons-math3-3.6.1.jar;C:\Users\HP\.m2\repository\commons-io\commons-io\2.16.1\commons-io-2.16.1.jar;C:\Users\HP\.m2\repository\com\zaxxer\SparseBitSet\1.3\SparseBitSet-1.3.jar;C:\Users\HP\.m2\repository\org\apache\logging\log4j\log4j-api\2.23.1\log4j-api-2.23.1.jar;C:\Users\HP\.m2\repository\org\apache\poi\poi-ooxml\5.3.0\poi-ooxml-5.3.0.jar;C:\Users\HP\.m2\repository\org\apache\poi\poi-ooxml-lite\5.3.0\poi-ooxml-lite-5.3.0.jar;C:\Users\HP\.m2\repository\org\apache\xmlbeans\xmlbeans\5.2.1\xmlbeans-5.2.1.jar;C:\Users\HP\.m2\repository\org\apache\commons\commons-compress\1.26.2\commons-compress-1.26.2.jar;C:\Users\HP\.m2\repository\org\apache\commons\commons-lang3\3.14.0\commons-lang3-3.14.0.jar;C:\Users\HP\.m2\repository\com\github\virtuald\curvesapi\1.08\curvesapi-1.08.jar
Launcher Type: SUN_STANDARD

[Global flags]
     intx CICompilerCount                          = 3                                         {product} {ergonomic}
     uint ConcGCThreads                            = 1                                         {product} {ergonomic}
     uint G1ConcRefinementThreads                  = 4                                         {product} {ergonomic}
   size_t G1HeapRegionSize                         = 1048576                                   {product} {ergonomic}
    uintx GCDrainStackTargetSize                   = 64                                        {product} {ergonomic}
   size_t InitialHeapSize                          = 67108864                                  {product} {ergonomic}
   size_t MarkStackSize                            = 4194304                                   {product} {ergonomic}
   size_t MaxHeapSize                              = 1046478848                                {product} {ergonomic}
   size_t MaxNewSize                               = 627048448                                 {product} {ergonomic}
   size_t MinHeapDeltaBytes                        = 1048576                                   {product} {ergonomic}
   size_t MinHeapSize                              = 8388608                                   {product} {ergonomic}
    uintx NonNMethodCodeHeapSize                   = 5832780                                {pd product} {ergonomic}
    uintx NonProfiledCodeHeapSize                  = 122912730                              {pd product} {ergonomic}
    uintx ProfiledCodeHeapSize                     = 122912730                              {pd product} {ergonomic}
    uintx ReservedCodeCacheSize                    = 251658240                              {pd product} {ergonomic}
     bool SegmentedCodeCache                       = true                                      {product} {ergonomic}
     bool ShowCodeDetailsInExceptionMessages       = true                                   {manageable} {command line}
   size_t SoftMaxHeapSize                          = 1046478848                             {manageable} {ergonomic}
     bool UseCompressedOops                        = true                           {product lp64_product} {ergonomic}
     bool UseG1GC                                  = true                                      {product} {ergonomic}
     bool UseLargePagesIndividualAllocation        = false                                  {pd product} {ergonomic}

Logging:
Log output configuration:
 #0: stdout all=warning uptime,level,tags foldmultilines=false
 #1: stderr all=off uptime,level,tags foldmultilines=false

Environment Variables:
PATH=E:/xavier data/Software Testing/Java and eclipse/Eclipse/Extarct eclipse/eclipse//plugins/org.eclipse.justj.openjdk.hotspot.jre.full.win32.x86_64_21.0.3.v20240426-1530/jre/bin/server;E:/xavier data/Software Testing/Java and eclipse/Eclipse/Extarct eclipse/eclipse//plugins/org.eclipse.justj.openjdk.hotspot.jre.full.win32.x86_64_21.0.3.v20240426-1530/jre/bin;C:\Program Files\Common Files\Oracle\Java\javapath;C:\Windows\system32;C:\Windows;C:\Windows\System32\Wbem;C:\Windows\System32\WindowsPowerShell\v1.0\;C:\Windows\System32\OpenSSH\;C:\Program Files (x86)\Microsoft SQL Server\160\Tools\Binn\;C:\Program Files\Microsoft SQL Server\160\Tools\Binn\;C:\Program Files\Microsoft SQL Server\Client SDK\ODBC\170\Tools\Binn\;C:\Program Files\Microsoft SQL Server\160\DTS\Binn\;C:\Program Files (x86)\Microsoft SQL Server\160\DTS\Binn\;C:\Program Files\nodejs\;C:\Program Files\Git\cmd;C:\Users\HP\AppData\Local\Microsoft\WindowsApps;C:\Users\HP\AppData\Roaming\npm;E:\xavier data\Software Testing\Java and eclipse\Eclipse\Extarct eclipse\eclipse;
USERNAME=HP
OS=Windows_NT
PROCESSOR_IDENTIFIER=Intel64 Family 6 Model 78 Stepping 3, GenuineIntel
TMP=C:\Users\HP\AppData\Local\Temp
TEMP=C:\Users\HP\AppData\Local\Temp




Periodic native trim disabled

---------------  S Y S T E M  ---------------

OS:
 Windows 10 , 64 bit Build 19041 (10.0.19041.4717)
OS uptime: 0 days 23:27 hours

CPU: total 4 (initial active 4) (2 cores per cpu, 2 threads per core) family 6 model 78 stepping 3 microcode 0xcc, cx8, cmov, fxsr, ht, mmx, 3dnowpref, sse, sse2, sse3, ssse3, sse4.1, sse4.2, popcnt, lzcnt, tsc, tscinvbit, avx, avx2, aes, erms, clmul, bmi1, bmi2, adx, fma, vzeroupper, clflush, clflushopt, rdtscp, f16c
Processor Information for processor 0
  Max Mhz: 2000, Current Mhz: 1500, Mhz Limit: 2000
Processor Information for processor 1
  Max Mhz: 2000, Current Mhz: 1500, Mhz Limit: 2000
Processor Information for processor 2
  Max Mhz: 2000, Current Mhz: 1500, Mhz Limit: 2000
Processor Information for processor 3
  Max Mhz: 2000, Current Mhz: 2000, Mhz Limit: 2000

Memory: 4k page, system-wide physical 3986M (526M free)
TotalPageFile size 9618M (AvailPageFile size 4146M)
current process WorkingSet (physical memory assigned to process): 115M, peak: 115M
current process commit charge ("private bytes"): 142M, peak: 166M

vm_info: OpenJDK 64-Bit Server VM (21.0.3+9-LTS) for windows-amd64 JRE (21.0.3+9-LTS), built on 2024-04-16T00:00:00Z by "admin" with MS VC++ 17.7 (VS2022)

END.
